Log file open, 12/18/20 20:11:41
LogInit: Display: Running engine for game: Escape_the_Dungeon
LogPlatformFile: Not using cached read wrapper
LogTaskGraph: Started task graph with 5 named threads and 23 total threads with 3 sets of task threads.
LogStats: Stats thread started at 1.160512
LogD3D11RHI: Loaded GFSDK_Aftermath_Lib.x64.dll
LogICUInternationalization: ICU TimeZone Detection - Raw Offset: +7:00, Platform Override: ''
LogPluginManager: Mounting plugin Paper2D
LogPluginManager: Mounting plugin AISupport
LogPluginManager: Mounting plugin LightPropagationVolume
LogPluginManager: Mounting plugin CameraShakePreviewer
LogPluginManager: Mounting plugin ActorLayerUtilities
LogPluginManager: Mounting plugin AnimationSharing
LogPluginManager: Mounting plugin CLionSourceCodeAccess
LogPluginManager: Mounting plugin CodeLiteSourceCodeAccess
LogPluginManager: Mounting plugin GitSourceControl
LogPluginManager: Mounting plugin KDevelopSourceCodeAccess
LogPluginManager: Mounting plugin NullSourceCodeAccess
LogPluginManager: Mounting plugin PerforceSourceControl
LogPluginManager: Mounting plugin PlasticSourceControl
LogPluginManager: Mounting plugin RiderSourceCodeAccess
LogPluginManager: Mounting plugin SubversionSourceControl
LogPluginManager: Mounting plugin UObjectPlugin
LogPluginManager: Mounting plugin VisualStudioCodeSourceCodeAccess
LogPluginManager: Mounting plugin VisualStudioSourceCodeAccess
LogPluginManager: Mounting plugin XCodeSourceCodeAccess
LogPluginManager: Mounting plugin AssetManagerEditor
LogPluginManager: Mounting plugin CryptoKeys
LogPluginManager: Mounting plugin CurveEditorTools
LogPluginManager: Mounting plugin DataValidation
LogPluginManager: Mounting plugin EditorScriptingUtilities
LogPluginManager: Mounting plugin FacialAnimation
LogPluginManager: Mounting plugin GameplayTagsEditor
LogPluginManager: Mounting plugin GeometryMode
LogPluginManager: Mounting plugin MacGraphicsSwitching
LogPluginManager: Mounting plugin MaterialAnalyzer
LogPluginManager: Mounting plugin MobileLauncherProfileWizard
LogPluginManager: Mounting plugin PluginBrowser
LogPluginManager: Mounting plugin SpeedTreeImporter
LogPluginManager: Mounting plugin DatasmithContent
LogPluginManager: Mounting plugin VariantManagerContent
LogPluginManager: Mounting plugin AlembicImporter
LogPluginManager: Mounting plugin AutomationUtils
LogPluginManager: Mounting plugin BackChannel
LogPluginManager: Mounting plugin ChaosCloth
LogPluginManager: Mounting plugin ChaosClothEditor
LogPluginManager: Mounting plugin ChaosEditor
LogPluginManager: Mounting plugin ChaosNiagara
LogPluginManager: Mounting plugin ChaosSolverPlugin
LogPluginManager: Mounting plugin CharacterAI
LogPluginManager: Mounting plugin GeometryCache
LogPluginManager: Mounting plugin GeometryCollectionPlugin
LogPluginManager: Mounting plugin GeometryProcessing
LogPluginManager: Mounting plugin PlanarCut
LogPluginManager: Mounting plugin PlatformCrypto
LogPluginManager: Mounting plugin ProxyLODPlugin
LogPluginManager: Mounting plugin SkeletalReduction
LogPluginManager: Mounting plugin Niagara
LogPluginManager: Mounting plugin MagicLeap
LogPluginManager: Mounting plugin MagicLeapLightEstimation
LogPluginManager: Mounting plugin MagicLeapMedia
LogPluginManager: Mounting plugin MagicLeapPassableWorld
LogPluginManager: Mounting plugin MLSDK
LogPluginManager: Mounting plugin AndroidMedia
LogPluginManager: Mounting plugin AvfMedia
LogPluginManager: Mounting plugin ImgMedia
LogPluginManager: Mounting plugin MediaCompositing
LogPluginManager: Mounting plugin MediaPlayerEditor
LogPluginManager: Mounting plugin WebMMedia
LogPluginManager: Mounting plugin WmfMedia
LogPluginManager: Mounting plugin MeshPainting
LogPluginManager: Mounting plugin TcpMessaging
LogPluginManager: Mounting plugin UdpMessaging
LogPluginManager: Mounting plugin ActorSequence
LogPluginManager: Mounting plugin LevelSequenceEditor
LogPluginManager: Mounting plugin MatineeToLevelSequence
LogPluginManager: Mounting plugin MovieRenderPipeline
LogPluginManager: Mounting plugin TemplateSequence
LogPluginManager: Mounting plugin NetcodeUnitTest
LogPluginManager: Mounting plugin NUTUnrealEngine4
LogPluginManager: Mounting plugin OnlineSubsystemGooglePlay
LogPluginManager: Mounting plugin OnlineSubsystemIOS
LogPluginManager: Mounting plugin OnlineSubsystem
LogPluginManager: Mounting plugin OnlineSubsystemNull
LogPluginManager: Mounting plugin OnlineSubsystemUtils
LogPluginManager: Mounting plugin LauncherChunkInstaller
LogPluginManager: Mounting plugin AndroidDeviceProfileSelector
LogPluginManager: Mounting plugin AndroidMoviePlayer
LogPluginManager: Mounting plugin AndroidPermission
LogPluginManager: Mounting plugin AppleImageUtils
LogPluginManager: Mounting plugin AppleMoviePlayer
LogPluginManager: Mounting plugin ArchVisCharacter
LogPluginManager: Mounting plugin AssetTags
LogPluginManager: Mounting plugin AudioCapture
LogPluginManager: Mounting plugin CableComponent
LogPluginManager: Mounting plugin CustomMeshComponent
LogPluginManager: Mounting plugin EditableMesh
LogPluginManager: Mounting plugin ExampleDeviceProfileSelector
LogPluginManager: Mounting plugin GoogleCloudMessaging
LogPluginManager: Mounting plugin GooglePAD
LogPluginManager: Mounting plugin IOSDeviceProfileSelector
LogPluginManager: Mounting plugin LinuxDeviceProfileSelector
LogPluginManager: Mounting plugin LocationServicesBPLibrary
LogPluginManager: Mounting plugin MobilePatchingUtils
LogPluginManager: Mounting plugin OculusVR
LogPluginManager: Mounting plugin PhysXVehicles
LogPluginManager: Mounting plugin PostSplashScreen
LogPluginManager: Mounting plugin ProceduralMeshComponent
LogPluginManager: Mounting plugin RuntimePhysXCooking
LogPluginManager: Mounting plugin SignificanceManager
LogPluginManager: Mounting plugin SoundFields
LogPluginManager: Mounting plugin SteamVR
LogPluginManager: Mounting plugin Synthesis
LogPluginManager: Mounting plugin WebMMoviePlayer
LogPluginManager: Mounting plugin WindowsMoviePlayer
LogPluginManager: Mounting plugin ScreenshotTools
LogInit: Using libcurl 7.55.1-DEV
LogInit:  - built for x86_64-pc-win32
LogInit:  - supports SSL with OpenSSL/1.1.1
LogInit:  - supports HTTP deflate (compression) using libz 1.2.8
LogInit:  - other features:
LogInit:      CURL_VERSION_SSL
LogInit:      CURL_VERSION_LIBZ
LogInit:      CURL_VERSION_IPV6
LogInit:      CURL_VERSION_ASYNCHDNS
LogInit:      CURL_VERSION_LARGEFILE
LogInit:      CURL_VERSION_IDN
LogInit:  CurlRequestOptions (configurable via config and command line):
LogInit:  - bVerifyPeer = true  - Libcurl will verify peer certificate
LogInit:  - bUseHttpProxy = false  - Libcurl will NOT use HTTP proxy
LogInit:  - bDontReuseConnections = false  - Libcurl will reuse connections
LogInit:  - MaxHostConnections = 16  - Libcurl will limit the number of connections to a host
LogInit:  - LocalHostAddr = Default
LogInit:  - BufferSize = 65536
LogOnline: OSS: Creating online subsystem instance for: NULL
LogInit: WinSock: version 1.1 (2.2), MaxSocks=32767, MaxUdp=65467
LogOnline: OSS: TryLoadSubsystemAndSetDefault: Loaded subsystem for module [NULL]
LogInit: Build: ++UE4+Release-4.25-CL-13942748
LogInit: Engine Version: 4.25.3-13942748+++UE4+Release-4.25
LogInit: Compatible Engine Version: 4.25.0-13144385+++UE4+Release-4.25
LogInit: Net CL: 13144385
LogInit: OS: Windows 10 (Release 2004) (), CPU: Intel(R) Core(TM) i7-7700HQ CPU @ 2.80GHz, GPU: Intel(R) HD Graphics 630
LogInit: Compiled (64-bit): Jul 25 2020 02:07:48
LogInit: Compiled with Visual C++: 19.24.28315.00
LogInit: Build Configuration: Development
LogInit: Branch Name: ++UE4+Release-4.25
LogInit: Command Line: 
LogInit: Base Directory: D:/Epic/Epic Games/UE_4.25/Engine/Binaries/Win64/
LogInit: Allocator: TBB
LogInit: Installed Engine Build: 1
LogDevObjectVersion: Number of dev versions registered: 26
LogDevObjectVersion:   Dev-Blueprints (B0D832E4-1F89-4F0D-ACCF-7EB736FD4AA2): 10
LogDevObjectVersion:   Dev-Build (E1C64328-A22C-4D53-A36C-8E866417BD8C): 0
LogDevObjectVersion:   Dev-Core (375EC13C-06E4-48FB-B500-84F0262A717E): 4
LogDevObjectVersion:   Dev-Editor (E4B068ED-F494-42E9-A231-DA0B2E46BB41): 38
LogDevObjectVersion:   Dev-Framework (CFFC743F-43B0-4480-9391-14DF171D2073): 37
LogDevObjectVersion:   Dev-Mobile (B02B49B5-BB20-44E9-A304-32B752E40360): 2
LogDevObjectVersion:   Dev-Networking (A4E4105C-59A1-49B5-A7C5-40C4547EDFEE): 0
LogDevObjectVersion:   Dev-Online (39C831C9-5AE6-47DC-9A44-9C173E1C8E7C): 0
LogDevObjectVersion:   Dev-Physics (78F01B33-EBEA-4F98-B9B4-84EACCB95AA2): 4
LogDevObjectVersion:   Dev-Platform (6631380F-2D4D-43E0-8009-CF276956A95A): 0
LogDevObjectVersion:   Dev-Rendering (12F88B9F-8875-4AFC-A67C-D90C383ABD29): 43
LogDevObjectVersion:   Dev-Sequencer (7B5AE74C-D270-4C10-A958-57980B212A5A): 12
LogDevObjectVersion:   Dev-VR (D7296918-1DD6-4BDD-9DE2-64A83CC13884): 3
LogDevObjectVersion:   Dev-LoadTimes (C2A15278-BFE7-4AFE-6C17-90FF531DF755): 1
LogDevObjectVersion:   Private-Geometry (6EACA3D4-40EC-4CC1-B786-8BED09428FC5): 3
LogDevObjectVersion:   Dev-AnimPhys (29E575DD-E0A3-4627-9D10-D276232CDCEA): 17
LogDevObjectVersion:   Dev-Anim (AF43A65D-7FD3-4947-9873-3E8ED9C1BB05): 7
LogDevObjectVersion:   Dev-ReflectionCapture (6B266CEC-1EC7-4B8F-A30B-E4D90942FC07): 1
LogDevObjectVersion:   Dev-Automation (0DF73D61-A23F-47EA-B727-89E90C41499A): 1
LogDevObjectVersion:   FortniteMain (601D1886-AC64-4F84-AA16-D3DE0DEAC7D6): 31
LogDevObjectVersion:   Dev-Enterprise (9DFFBCD6-494F-0158-E221-12823C92A888): 10
LogDevObjectVersion:   Dev-Niagara (F2AED0AC-9AFE-416F-8664-AA7FFA26D6FC): 1
LogDevObjectVersion:   Dev-Destruction (174F1F0B-B4C6-45A5-B13F-2EE8D0FB917D): 10
LogDevObjectVersion:   Dev-Physics-Ext (35F94A83-E258-406C-A318-09F59610247C): 37
LogDevObjectVersion:   Dev-PhysicsMaterial-Chaos (B68FC16E-8B1B-42E2-B453-215C058844FE): 1
LogDevObjectVersion:   Dev-CineCamera (B2E18506-4273-CFC2-A54E-F4BB758BBA07): 1
LogInit: Presizing for max 25165824 objects, including 0 objects not considered by GC, pre-allocating 0 bytes for permanent pool.
LogConfig: Applying CVar settings from Section [/Script/Engine.StreamingSettings] File [C:/Users/ADMIN/Documents/GitHub/Game-design-Project/Escape_the_Dungeon/Saved/Config/Windows/Engine.ini]
LogConfig: Setting CVar [[s.MinBulkDataSizeForAsyncLoading:131072]]
LogConfig: Setting CVar [[s.AsyncLoadingThreadEnabled:0]]
LogConfig: Setting CVar [[s.EventDrivenLoaderEnabled:1]]
LogConfig: Setting CVar [[s.WarnIfTimeLimitExceeded:0]]
LogConfig: Setting CVar [[s.TimeLimitExceededMultiplier:1.5]]
LogConfig: Setting CVar [[s.TimeLimitExceededMinTime:0.005]]
LogConfig: Setting CVar [[s.UseBackgroundLevelStreaming:1]]
LogConfig: Setting CVar [[s.PriorityAsyncLoadingExtraTime:15.0]]
LogConfig: Setting CVar [[s.LevelStreamingActorsUpdateTimeLimit:5.0]]
LogConfig: Setting CVar [[s.PriorityLevelStreamingActorsUpdateExtraTime:5.0]]
LogConfig: Setting CVar [[s.LevelStreamingComponentsRegistrationGranularity:10]]
LogConfig: Setting CVar [[s.UnregisterComponentsTimeLimit:1.0]]
LogConfig: Setting CVar [[s.LevelStreamingComponentsUnregistrationGranularity:5]]
LogConfig: Setting CVar [[s.FlushStreamingOnExit:1]]
LogInit: Object subsystem initialized
LogConfig: Setting CVar [[con.DebugEarlyDefault:1]]
LogConfig: Setting CVar [[r.setres:1280x720]]
[2020.12.18-13.11.43:417][  0]LogConfig: Setting CVar [[r.VSync:0]]
[2020.12.18-13.11.43:417][  0]LogConfig: Setting CVar [[r.RHICmdBypass:0]]
[2020.12.18-13.11.43:417][  0]LogConfig: Applying CVar settings from Section [/Script/Engine.RendererSettings] File [C:/Users/ADMIN/Documents/GitHub/Game-design-Project/Escape_the_Dungeon/Saved/Config/Windows/Engine.ini]
[2020.12.18-13.11.43:417][  0]LogConfig: Setting CVar [[r.GPUCrashDebugging:0]]
[2020.12.18-13.11.43:417][  0]LogConfig: Applying CVar settings from Section [/Script/Engine.RendererOverrideSettings] File [C:/Users/ADMIN/Documents/GitHub/Game-design-Project/Escape_the_Dungeon/Saved/Config/Windows/Engine.ini]
[2020.12.18-13.11.43:417][  0]LogConfig: Applying CVar settings from Section [/Script/Engine.StreamingSettings] File [C:/Users/ADMIN/Documents/GitHub/Game-design-Project/Escape_the_Dungeon/Saved/Config/Windows/Engine.ini]
[2020.12.18-13.11.43:417][  0]LogConfig: Setting CVar [[s.MinBulkDataSizeForAsyncLoading:131072]]
[2020.12.18-13.11.43:417][  0]LogConfig: Setting CVar [[s.AsyncLoadingThreadEnabled:0]]
[2020.12.18-13.11.43:417][  0]LogConfig: Setting CVar [[s.EventDrivenLoaderEnabled:1]]
[2020.12.18-13.11.43:417][  0]LogConfig: Setting CVar [[s.WarnIfTimeLimitExceeded:0]]
[2020.12.18-13.11.43:417][  0]LogConfig: Setting CVar [[s.TimeLimitExceededMultiplier:1.5]]
[2020.12.18-13.11.43:417][  0]LogConfig: Setting CVar [[s.TimeLimitExceededMinTime:0.005]]
[2020.12.18-13.11.43:417][  0]LogConfig: Setting CVar [[s.UseBackgroundLevelStreaming:1]]
[2020.12.18-13.11.43:417][  0]LogConfig: Setting CVar [[s.PriorityAsyncLoadingExtraTime:15.0]]
[2020.12.18-13.11.43:417][  0]LogConfig: Setting CVar [[s.LevelStreamingActorsUpdateTimeLimit:5.0]]
[2020.12.18-13.11.43:417][  0]LogConfig: Setting CVar [[s.PriorityLevelStreamingActorsUpdateExtraTime:5.0]]
[2020.12.18-13.11.43:417][  0]LogConfig: Setting CVar [[s.LevelStreamingComponentsRegistrationGranularity:10]]
[2020.12.18-13.11.43:417][  0]LogConfig: Setting CVar [[s.UnregisterComponentsTimeLimit:1.0]]
[2020.12.18-13.11.43:417][  0]LogConfig: Setting CVar [[s.LevelStreamingComponentsUnregistrationGranularity:5]]
[2020.12.18-13.11.43:417][  0]LogConfig: Setting CVar [[s.FlushStreamingOnExit:1]]
[2020.12.18-13.11.43:417][  0]LogConfig: Applying CVar settings from Section [/Script/Engine.GarbageCollectionSettings] File [C:/Users/ADMIN/Documents/GitHub/Game-design-Project/Escape_the_Dungeon/Saved/Config/Windows/Engine.ini]
[2020.12.18-13.11.43:417][  0]LogConfig: Setting CVar [[gc.MaxObjectsNotConsideredByGC:1]]
[2020.12.18-13.11.43:417][  0]LogConfig: Setting CVar [[gc.SizeOfPermanentObjectPool:0]]
[2020.12.18-13.11.43:417][  0]LogConfig: Setting CVar [[gc.FlushStreamingOnGC:0]]
[2020.12.18-13.11.43:417][  0]LogConfig: Setting CVar [[gc.NumRetriesBeforeForcingGC:10]]
[2020.12.18-13.11.43:417][  0]LogConfig: Setting CVar [[gc.AllowParallelGC:1]]
[2020.12.18-13.11.43:417][  0]LogConfig: Setting CVar [[gc.TimeBetweenPurgingPendingKillObjects:61.1]]
[2020.12.18-13.11.43:418][  0]LogConfig: Setting CVar [[gc.MaxObjectsInEditor:25165824]]
[2020.12.18-13.11.43:418][  0]LogConfig: Setting CVar [[gc.IncrementalBeginDestroyEnabled:1]]
[2020.12.18-13.11.43:418][  0]LogConfig: Setting CVar [[gc.CreateGCClusters:1]]
[2020.12.18-13.11.43:418][  0]LogConfig: Setting CVar [[gc.MinGCClusterSize:5]]
[2020.12.18-13.11.43:418][  0]LogConfig: Setting CVar [[gc.ActorClusteringEnabled:0]]
[2020.12.18-13.11.43:418][  0]LogConfig: Setting CVar [[gc.BlueprintClusteringEnabled:0]]
[2020.12.18-13.11.43:418][  0]LogConfig: Setting CVar [[gc.UseDisregardForGCOnDedicatedServers:0]]
[2020.12.18-13.11.43:418][  0]LogConfig: Applying CVar settings from Section [/Script/Engine.NetworkSettings] File [C:/Users/ADMIN/Documents/GitHub/Game-design-Project/Escape_the_Dungeon/Saved/Config/Windows/Engine.ini]
[2020.12.18-13.11.43:418][  0]LogConfig: Applying CVar settings from Section [/Script/UnrealEd.CookerSettings] File [C:/Users/ADMIN/Documents/GitHub/Game-design-Project/Escape_the_Dungeon/Saved/Config/Windows/Engine.ini]
[2020.12.18-13.11.43:421][  0]LogConfig: Applying CVar settings from Section [ViewDistanceQuality@3] File [C:/Users/ADMIN/Documents/GitHub/Game-design-Project/Escape_the_Dungeon/Saved/Config/Windows/Scalability.ini]
[2020.12.18-13.11.43:421][  0]LogConfig: Setting CVar [[r.SkeletalMeshLODBias:0]]
[2020.12.18-13.11.43:421][  0]LogConfig: Setting CVar [[r.ViewDistanceScale:1.0]]
[2020.12.18-13.11.43:421][  0]LogConfig: Applying CVar settings from Section [AntiAliasingQuality@3] File [C:/Users/ADMIN/Documents/GitHub/Game-design-Project/Escape_the_Dungeon/Saved/Config/Windows/Scalability.ini]
[2020.12.18-13.11.43:421][  0]LogConfig: Setting CVar [[r.PostProcessAAQuality:4]]
[2020.12.18-13.11.43:421][  0]LogConfig: Applying CVar settings from Section [ShadowQuality@3] File [C:/Users/ADMIN/Documents/GitHub/Game-design-Project/Escape_the_Dungeon/Saved/Config/Windows/Scalability.ini]
[2020.12.18-13.11.43:421][  0]LogConfig: Setting CVar [[r.LightFunctionQuality:1]]
[2020.12.18-13.11.43:421][  0]LogConfig: Setting CVar [[r.ShadowQuality:5]]
[2020.12.18-13.11.43:421][  0]LogConfig: Setting CVar [[r.Shadow.CSM.MaxCascades:10]]
[2020.12.18-13.11.43:421][  0]LogConfig: Setting CVar [[r.Shadow.MaxResolution:2048]]
[2020.12.18-13.11.43:421][  0]LogConfig: Setting CVar [[r.Shadow.MaxCSMResolution:2048]]
[2020.12.18-13.11.43:421][  0]LogConfig: Setting CVar [[r.Shadow.RadiusThreshold:0.01]]
[2020.12.18-13.11.43:421][  0]LogConfig: Setting CVar [[r.Shadow.DistanceScale:1.0]]
[2020.12.18-13.11.43:421][  0]LogConfig: Setting CVar [[r.Shadow.CSM.TransitionScale:1.0]]
[2020.12.18-13.11.43:421][  0]LogConfig: Setting CVar [[r.Shadow.PreShadowResolutionFactor:1.0]]
[2020.12.18-13.11.43:421][  0]LogConfig: Setting CVar [[r.DistanceFieldShadowing:1]]
[2020.12.18-13.11.43:421][  0]LogConfig: Setting CVar [[r.DistanceFieldAO:1]]
[2020.12.18-13.11.43:421][  0]LogConfig: Setting CVar [[r.AOQuality:2]]
[2020.12.18-13.11.43:421][  0]LogConfig: Setting CVar [[r.VolumetricFog:1]]
[2020.12.18-13.11.43:421][  0]LogConfig: Setting CVar [[r.VolumetricFog.GridPixelSize:8]]
[2020.12.18-13.11.43:421][  0]LogConfig: Setting CVar [[r.VolumetricFog.GridSizeZ:128]]
[2020.12.18-13.11.43:421][  0]LogConfig: Setting CVar [[r.VolumetricFog.HistoryMissSupersampleCount:4]]
[2020.12.18-13.11.43:421][  0]LogConfig: Setting CVar [[r.LightMaxDrawDistanceScale:1]]
[2020.12.18-13.11.43:421][  0]LogConfig: Setting CVar [[r.CapsuleShadows:1]]
[2020.12.18-13.11.43:421][  0]LogConfig: Applying CVar settings from Section [PostProcessQuality@3] File [C:/Users/ADMIN/Documents/GitHub/Game-design-Project/Escape_the_Dungeon/Saved/Config/Windows/Scalability.ini]
[2020.12.18-13.11.43:421][  0]LogConfig: Setting CVar [[r.MotionBlurQuality:4]]
[2020.12.18-13.11.43:421][  0]LogConfig: Setting CVar [[r.AmbientOcclusionMipLevelFactor:0.4]]
[2020.12.18-13.11.43:421][  0]LogConfig: Setting CVar [[r.AmbientOcclusionMaxQuality:100]]
[2020.12.18-13.11.43:421][  0]LogConfig: Setting CVar [[r.AmbientOcclusionLevels:-1]]
[2020.12.18-13.11.43:421][  0]LogConfig: Setting CVar [[r.AmbientOcclusionRadiusScale:1.0]]
[2020.12.18-13.11.43:422][  0]LogConfig: Setting CVar [[r.DepthOfFieldQuality:2]]
[2020.12.18-13.11.43:422][  0]LogConfig: Setting CVar [[r.RenderTargetPoolMin:400]]
[2020.12.18-13.11.43:422][  0]LogConfig: Setting CVar [[r.LensFlareQuality:2]]
[2020.12.18-13.11.43:422][  0]LogConfig: Setting CVar [[r.SceneColorFringeQuality:1]]
[2020.12.18-13.11.43:422][  0]LogConfig: Setting CVar [[r.EyeAdaptationQuality:2]]
[2020.12.18-13.11.43:422][  0]LogConfig: Setting CVar [[r.BloomQuality:5]]
[2020.12.18-13.11.43:422][  0]LogConfig: Setting CVar [[r.FastBlurThreshold:100]]
[2020.12.18-13.11.43:422][  0]LogConfig: Setting CVar [[r.Upscale.Quality:3]]
[2020.12.18-13.11.43:422][  0]LogConfig: Setting CVar [[r.Tonemapper.GrainQuantization:1]]
[2020.12.18-13.11.43:422][  0]LogConfig: Setting CVar [[r.LightShaftQuality:1]]
[2020.12.18-13.11.43:422][  0]LogConfig: Setting CVar [[r.Filter.SizeScale:1]]
[2020.12.18-13.11.43:422][  0]LogConfig: Setting CVar [[r.Tonemapper.Quality:5]]
[2020.12.18-13.11.43:422][  0]LogConfig: Setting CVar [[r.DOF.Gather.AccumulatorQuality:1        ; higher gathering accumulator quality]]
[2020.12.18-13.11.43:422][  0]LogConfig: Setting CVar [[r.DOF.Gather.PostfilterMethod:1          ; Median3x3 postfilering method]]
[2020.12.18-13.11.43:422][  0]LogConfig: Setting CVar [[r.DOF.Gather.EnableBokehSettings:0       ; no bokeh simulation when gathering]]
[2020.12.18-13.11.43:422][  0]LogConfig: Setting CVar [[r.DOF.Gather.RingCount:4                 ; medium number of samples when gathering]]
[2020.12.18-13.11.43:422][  0]LogConfig: Setting CVar [[r.DOF.Scatter.ForegroundCompositing:1    ; additive foreground scattering]]
[2020.12.18-13.11.43:422][  0]LogConfig: Setting CVar [[r.DOF.Scatter.BackgroundCompositing:2    ; additive background scattering]]
[2020.12.18-13.11.43:422][  0]LogConfig: Setting CVar [[r.DOF.Scatter.EnableBokehSettings:1      ; bokeh simulation when scattering]]
[2020.12.18-13.11.43:422][  0]LogConfig: Setting CVar [[r.DOF.Scatter.MaxSpriteRatio:0.1         ; only a maximum of 10% of scattered bokeh]]
[2020.12.18-13.11.43:422][  0]LogConfig: Setting CVar [[r.DOF.Recombine.Quality:1                ; cheap slight out of focus]]
[2020.12.18-13.11.43:422][  0]LogConfig: Setting CVar [[r.DOF.Recombine.EnableBokehSettings:0    ; no bokeh simulation on slight out of focus]]
[2020.12.18-13.11.43:422][  0]LogConfig: Setting CVar [[r.DOF.TemporalAAQuality:1                ; more stable temporal accumulation]]
[2020.12.18-13.11.43:422][  0]LogConfig: Setting CVar [[r.DOF.Kernel.MaxForegroundRadius:0.025]]
[2020.12.18-13.11.43:422][  0]LogConfig: Setting CVar [[r.DOF.Kernel.MaxBackgroundRadius:0.025]]
[2020.12.18-13.11.43:422][  0]LogConfig: Applying CVar settings from Section [TextureQuality@3] File [C:/Users/ADMIN/Documents/GitHub/Game-design-Project/Escape_the_Dungeon/Saved/Config/Windows/Scalability.ini]
[2020.12.18-13.11.43:422][  0]LogConfig: Setting CVar [[r.Streaming.MipBias:0]]
[2020.12.18-13.11.43:422][  0]LogConfig: Setting CVar [[r.Streaming.AmortizeCPUToGPUCopy:0]]
[2020.12.18-13.11.43:422][  0]LogConfig: Setting CVar [[r.Streaming.MaxNumTexturesToStreamPerFrame:0]]
[2020.12.18-13.11.43:422][  0]LogConfig: Setting CVar [[r.Streaming.Boost:1]]
[2020.12.18-13.11.43:422][  0]LogConfig: Setting CVar [[r.MaxAnisotropy:8]]
[2020.12.18-13.11.43:422][  0]LogConfig: Setting CVar [[r.VT.MaxAnisotropy:8]]
[2020.12.18-13.11.43:422][  0]LogConfig: Setting CVar [[r.Streaming.LimitPoolSizeToVRAM:0]]
[2020.12.18-13.11.43:422][  0]LogConfig: Setting CVar [[r.Streaming.PoolSize:1000]]
[2020.12.18-13.11.43:422][  0]LogConfig: Setting CVar [[r.Streaming.MaxEffectiveScreenSize:0]]
[2020.12.18-13.11.43:422][  0]LogConfig: Applying CVar settings from Section [EffectsQuality@3] File [C:/Users/ADMIN/Documents/GitHub/Game-design-Project/Escape_the_Dungeon/Saved/Config/Windows/Scalability.ini]
[2020.12.18-13.11.43:422][  0]LogConfig: Setting CVar [[r.TranslucencyLightingVolumeDim:64]]
[2020.12.18-13.11.43:422][  0]LogConfig: Setting CVar [[r.RefractionQuality:2]]
[2020.12.18-13.11.43:422][  0]LogConfig: Setting CVar [[r.SSR.Quality:3]]
[2020.12.18-13.11.43:422][  0]LogConfig: Setting CVar [[r.SSR.HalfResSceneColor:0]]
[2020.12.18-13.11.43:422][  0]LogConfig: Setting CVar [[r.SceneColorFormat:4]]
[2020.12.18-13.11.43:423][  0]LogConfig: Setting CVar [[r.DetailMode:2]]
[2020.12.18-13.11.43:423][  0]LogConfig: Setting CVar [[r.TranslucencyVolumeBlur:1]]
[2020.12.18-13.11.43:423][  0]LogConfig: Setting CVar [[r.MaterialQualityLevel:1 ; High quality]]
[2020.12.18-13.11.43:423][  0]LogConfig: Setting CVar [[r.SSS.Scale:1]]
[2020.12.18-13.11.43:423][  0]LogConfig: Setting CVar [[r.SSS.SampleSet:2]]
[2020.12.18-13.11.43:423][  0]LogConfig: Setting CVar [[r.SSS.Quality:1]]
[2020.12.18-13.11.43:423][  0]LogConfig: Setting CVar [[r.SSS.HalfRes:0]]
[2020.12.18-13.11.43:423][  0]LogConfig: Setting CVar [[r.SSGI.Quality:3]]
[2020.12.18-13.11.43:423][  0]LogConfig: Setting CVar [[r.EmitterSpawnRateScale:1.0]]
[2020.12.18-13.11.43:423][  0]LogConfig: Setting CVar [[r.ParticleLightQuality:2]]
[2020.12.18-13.11.43:423][  0]LogConfig: Setting CVar [[r.SkyAtmosphere.AerialPerspectiveLUT.FastApplyOnOpaque:1 ; Always have FastSkyLUT 1 in this case to avoid wrong sky]]
[2020.12.18-13.11.43:423][  0]LogConfig: Setting CVar [[r.SkyAtmosphere.AerialPerspectiveLUT.SampleCountPerSlice:1]]
[2020.12.18-13.11.43:423][  0]LogConfig: Setting CVar [[r.SkyAtmosphere.AerialPerspectiveLUT.DepthResolution:16.0]]
[2020.12.18-13.11.43:423][  0]LogConfig: Setting CVar [[r.SkyAtmosphere.FastSkyLUT:1]]
[2020.12.18-13.11.43:423][  0]LogConfig: Setting CVar [[r.SkyAtmosphere.FastSkyLUT.SampleCountMin:4.0]]
[2020.12.18-13.11.43:423][  0]LogConfig: Setting CVar [[r.SkyAtmosphere.FastSkyLUT.SampleCountMax:32.0]]
[2020.12.18-13.11.43:423][  0]LogConfig: Setting CVar [[r.SkyAtmosphere.SampleCountMin:4.0]]
[2020.12.18-13.11.43:423][  0]LogConfig: Setting CVar [[r.SkyAtmosphere.SampleCountMax:32.0]]
[2020.12.18-13.11.43:423][  0]LogConfig: Setting CVar [[r.SkyAtmosphere.TransmittanceLUT.UseSmallFormat:0]]
[2020.12.18-13.11.43:423][  0]LogConfig: Setting CVar [[r.SkyAtmosphere.TransmittanceLUT.SampleCount:10.0]]
[2020.12.18-13.11.43:423][  0]LogConfig: Setting CVar [[r.SkyAtmosphere.MultiScatteringLUT.SampleCount:15.0]]
[2020.12.18-13.11.43:423][  0]LogConfig: Applying CVar settings from Section [FoliageQuality@3] File [C:/Users/ADMIN/Documents/GitHub/Game-design-Project/Escape_the_Dungeon/Saved/Config/Windows/Scalability.ini]
[2020.12.18-13.11.43:423][  0]LogConfig: Setting CVar [[foliage.DensityScale:1.0]]
[2020.12.18-13.11.43:423][  0]LogConfig: Setting CVar [[grass.DensityScale:1.0]]
[2020.12.18-13.11.43:423][  0]LogConfig: Applying CVar settings from Section [ShadingQuality@3] File [C:/Users/ADMIN/Documents/GitHub/Game-design-Project/Escape_the_Dungeon/Saved/Config/Windows/Scalability.ini]
[2020.12.18-13.11.43:423][  0]LogConfig: Setting CVar [[r.HairStrands.SkyLighting.SampleCount:16]]
[2020.12.18-13.11.43:423][  0]LogConfig: Setting CVar [[r.HairStrands.SkyLighting.JitterIntegration:0]]
[2020.12.18-13.11.43:423][  0]LogConfig: Setting CVar [[r.HairStrands.SkyAO.SampleCount:16]]
[2020.12.18-13.11.43:423][  0]LogConfig: Setting CVar [[r.HairStrands.DeepShadow.SuperSampling:0]]
[2020.12.18-13.11.43:423][  0]LogConfig: Setting CVar [[r.HairStrands.VisibilityPPLL:0]]
[2020.12.18-13.11.43:423][  0]LogConfig: Setting CVar [[r.HairStrands.RasterizationScale:0.5]]
[2020.12.18-13.11.43:423][  0]LogConfig: Setting CVar [[r.HairStrands.VelocityRasterizationScale:1]]
[2020.12.18-13.11.43:424][  0]LogInit: Selected Device Profile: [Windows]
[2020.12.18-13.11.43:424][  0]LogInit: Applying CVar settings loaded from the selected device profile: [Windows]
[2020.12.18-13.11.43:424][  0]LogHAL: Display: Platform has ~ 8 GB [8467877888 / 8589934592 / 8], which maps to Default [LargestMinGB=32, LargerMinGB=12, DefaultMinGB=8, SmallerMinGB=6, SmallestMinGB=0)
[2020.12.18-13.11.43:424][  0]LogInit: Going up to parent DeviceProfile []
[2020.12.18-13.11.43:424][  0]LogConfig: Applying CVar settings from Section [ViewDistanceQuality@3] File [C:/Users/ADMIN/Documents/GitHub/Game-design-Project/Escape_the_Dungeon/Saved/Config/Windows/Scalability.ini]
[2020.12.18-13.11.43:424][  0]LogConfig: Setting CVar [[r.SkeletalMeshLODBias:0]]
[2020.12.18-13.11.43:424][  0]LogConfig: Setting CVar [[r.ViewDistanceScale:1.0]]
[2020.12.18-13.11.43:424][  0]LogConfig: Applying CVar settings from Section [AntiAliasingQuality@3] File [C:/Users/ADMIN/Documents/GitHub/Game-design-Project/Escape_the_Dungeon/Saved/Config/Windows/Scalability.ini]
[2020.12.18-13.11.43:424][  0]LogConfig: Setting CVar [[r.PostProcessAAQuality:4]]
[2020.12.18-13.11.43:424][  0]LogConfig: Applying CVar settings from Section [ShadowQuality@3] File [C:/Users/ADMIN/Documents/GitHub/Game-design-Project/Escape_the_Dungeon/Saved/Config/Windows/Scalability.ini]
[2020.12.18-13.11.43:424][  0]LogConfig: Setting CVar [[r.LightFunctionQuality:1]]
[2020.12.18-13.11.43:424][  0]LogConfig: Setting CVar [[r.ShadowQuality:5]]
[2020.12.18-13.11.43:424][  0]LogConfig: Setting CVar [[r.Shadow.CSM.MaxCascades:10]]
[2020.12.18-13.11.43:424][  0]LogConfig: Setting CVar [[r.Shadow.MaxResolution:2048]]
[2020.12.18-13.11.43:424][  0]LogConfig: Setting CVar [[r.Shadow.MaxCSMResolution:2048]]
[2020.12.18-13.11.43:424][  0]LogConfig: Setting CVar [[r.Shadow.RadiusThreshold:0.01]]
[2020.12.18-13.11.43:424][  0]LogConfig: Setting CVar [[r.Shadow.DistanceScale:1.0]]
[2020.12.18-13.11.43:424][  0]LogConfig: Setting CVar [[r.Shadow.CSM.TransitionScale:1.0]]
[2020.12.18-13.11.43:424][  0]LogConfig: Setting CVar [[r.Shadow.PreShadowResolutionFactor:1.0]]
[2020.12.18-13.11.43:424][  0]LogConfig: Setting CVar [[r.DistanceFieldShadowing:1]]
[2020.12.18-13.11.43:424][  0]LogConfig: Setting CVar [[r.DistanceFieldAO:1]]
[2020.12.18-13.11.43:424][  0]LogConfig: Setting CVar [[r.AOQuality:2]]
[2020.12.18-13.11.43:424][  0]LogConfig: Setting CVar [[r.VolumetricFog:1]]
[2020.12.18-13.11.43:424][  0]LogConfig: Setting CVar [[r.VolumetricFog.GridPixelSize:8]]
[2020.12.18-13.11.43:424][  0]LogConfig: Setting CVar [[r.VolumetricFog.GridSizeZ:128]]
[2020.12.18-13.11.43:424][  0]LogConfig: Setting CVar [[r.VolumetricFog.HistoryMissSupersampleCount:4]]
[2020.12.18-13.11.43:424][  0]LogConfig: Setting CVar [[r.LightMaxDrawDistanceScale:1]]
[2020.12.18-13.11.43:424][  0]LogConfig: Setting CVar [[r.CapsuleShadows:1]]
[2020.12.18-13.11.43:424][  0]LogConfig: Applying CVar settings from Section [PostProcessQuality@3] File [C:/Users/ADMIN/Documents/GitHub/Game-design-Project/Escape_the_Dungeon/Saved/Config/Windows/Scalability.ini]
[2020.12.18-13.11.43:424][  0]LogConfig: Setting CVar [[r.MotionBlurQuality:4]]
[2020.12.18-13.11.43:424][  0]LogConfig: Setting CVar [[r.AmbientOcclusionMipLevelFactor:0.4]]
[2020.12.18-13.11.43:424][  0]LogConfig: Setting CVar [[r.AmbientOcclusionMaxQuality:100]]
[2020.12.18-13.11.43:424][  0]LogConfig: Setting CVar [[r.AmbientOcclusionLevels:-1]]
[2020.12.18-13.11.43:424][  0]LogConfig: Setting CVar [[r.AmbientOcclusionRadiusScale:1.0]]
[2020.12.18-13.11.43:424][  0]LogConfig: Setting CVar [[r.DepthOfFieldQuality:2]]
[2020.12.18-13.11.43:425][  0]LogConfig: Setting CVar [[r.RenderTargetPoolMin:400]]
[2020.12.18-13.11.43:425][  0]LogConfig: Setting CVar [[r.LensFlareQuality:2]]
[2020.12.18-13.11.43:425][  0]LogConfig: Setting CVar [[r.SceneColorFringeQuality:1]]
[2020.12.18-13.11.43:425][  0]LogConfig: Setting CVar [[r.EyeAdaptationQuality:2]]
[2020.12.18-13.11.43:425][  0]LogConfig: Setting CVar [[r.BloomQuality:5]]
[2020.12.18-13.11.43:425][  0]LogConfig: Setting CVar [[r.FastBlurThreshold:100]]
[2020.12.18-13.11.43:425][  0]LogConfig: Setting CVar [[r.Upscale.Quality:3]]
[2020.12.18-13.11.43:425][  0]LogConfig: Setting CVar [[r.Tonemapper.GrainQuantization:1]]
[2020.12.18-13.11.43:425][  0]LogConfig: Setting CVar [[r.LightShaftQuality:1]]
[2020.12.18-13.11.43:425][  0]LogConfig: Setting CVar [[r.Filter.SizeScale:1]]
[2020.12.18-13.11.43:425][  0]LogConfig: Setting CVar [[r.Tonemapper.Quality:5]]
[2020.12.18-13.11.43:425][  0]LogConfig: Setting CVar [[r.DOF.Gather.AccumulatorQuality:1        ; higher gathering accumulator quality]]
[2020.12.18-13.11.43:425][  0]LogConfig: Setting CVar [[r.DOF.Gather.PostfilterMethod:1          ; Median3x3 postfilering method]]
[2020.12.18-13.11.43:425][  0]LogConfig: Setting CVar [[r.DOF.Gather.EnableBokehSettings:0       ; no bokeh simulation when gathering]]
[2020.12.18-13.11.43:425][  0]LogConfig: Setting CVar [[r.DOF.Gather.RingCount:4                 ; medium number of samples when gathering]]
[2020.12.18-13.11.43:425][  0]LogConfig: Setting CVar [[r.DOF.Scatter.ForegroundCompositing:1    ; additive foreground scattering]]
[2020.12.18-13.11.43:425][  0]LogConfig: Setting CVar [[r.DOF.Scatter.BackgroundCompositing:2    ; additive background scattering]]
[2020.12.18-13.11.43:425][  0]LogConfig: Setting CVar [[r.DOF.Scatter.EnableBokehSettings:1      ; bokeh simulation when scattering]]
[2020.12.18-13.11.43:425][  0]LogConfig: Setting CVar [[r.DOF.Scatter.MaxSpriteRatio:0.1         ; only a maximum of 10% of scattered bokeh]]
[2020.12.18-13.11.43:425][  0]LogConfig: Setting CVar [[r.DOF.Recombine.Quality:1                ; cheap slight out of focus]]
[2020.12.18-13.11.43:425][  0]LogConfig: Setting CVar [[r.DOF.Recombine.EnableBokehSettings:0    ; no bokeh simulation on slight out of focus]]
[2020.12.18-13.11.43:425][  0]LogConfig: Setting CVar [[r.DOF.TemporalAAQuality:1                ; more stable temporal accumulation]]
[2020.12.18-13.11.43:425][  0]LogConfig: Setting CVar [[r.DOF.Kernel.MaxForegroundRadius:0.025]]
[2020.12.18-13.11.43:425][  0]LogConfig: Setting CVar [[r.DOF.Kernel.MaxBackgroundRadius:0.025]]
[2020.12.18-13.11.43:425][  0]LogConfig: Applying CVar settings from Section [TextureQuality@3] File [C:/Users/ADMIN/Documents/GitHub/Game-design-Project/Escape_the_Dungeon/Saved/Config/Windows/Scalability.ini]
[2020.12.18-13.11.43:425][  0]LogConfig: Setting CVar [[r.Streaming.MipBias:0]]
[2020.12.18-13.11.43:425][  0]LogConfig: Setting CVar [[r.Streaming.AmortizeCPUToGPUCopy:0]]
[2020.12.18-13.11.43:425][  0]LogConfig: Setting CVar [[r.Streaming.MaxNumTexturesToStreamPerFrame:0]]
[2020.12.18-13.11.43:425][  0]LogConfig: Setting CVar [[r.Streaming.Boost:1]]
[2020.12.18-13.11.43:425][  0]LogConfig: Setting CVar [[r.MaxAnisotropy:8]]
[2020.12.18-13.11.43:425][  0]LogConfig: Setting CVar [[r.VT.MaxAnisotropy:8]]
[2020.12.18-13.11.43:425][  0]LogConfig: Setting CVar [[r.Streaming.LimitPoolSizeToVRAM:0]]
[2020.12.18-13.11.43:425][  0]LogConfig: Setting CVar [[r.Streaming.PoolSize:1000]]
[2020.12.18-13.11.43:425][  0]LogConfig: Setting CVar [[r.Streaming.MaxEffectiveScreenSize:0]]
[2020.12.18-13.11.43:425][  0]LogConfig: Applying CVar settings from Section [EffectsQuality@3] File [C:/Users/ADMIN/Documents/GitHub/Game-design-Project/Escape_the_Dungeon/Saved/Config/Windows/Scalability.ini]
[2020.12.18-13.11.43:425][  0]LogConfig: Setting CVar [[r.TranslucencyLightingVolumeDim:64]]
[2020.12.18-13.11.43:426][  0]LogConfig: Setting CVar [[r.RefractionQuality:2]]
[2020.12.18-13.11.43:426][  0]LogConfig: Setting CVar [[r.SSR.Quality:3]]
[2020.12.18-13.11.43:426][  0]LogConfig: Setting CVar [[r.SSR.HalfResSceneColor:0]]
[2020.12.18-13.11.43:426][  0]LogConfig: Setting CVar [[r.SceneColorFormat:4]]
[2020.12.18-13.11.43:426][  0]LogConfig: Setting CVar [[r.DetailMode:2]]
[2020.12.18-13.11.43:426][  0]LogConfig: Setting CVar [[r.TranslucencyVolumeBlur:1]]
[2020.12.18-13.11.43:426][  0]LogConfig: Setting CVar [[r.MaterialQualityLevel:1 ; High quality]]
[2020.12.18-13.11.43:426][  0]LogConfig: Setting CVar [[r.SSS.Scale:1]]
[2020.12.18-13.11.43:426][  0]LogConfig: Setting CVar [[r.SSS.SampleSet:2]]
[2020.12.18-13.11.43:426][  0]LogConfig: Setting CVar [[r.SSS.Quality:1]]
[2020.12.18-13.11.43:426][  0]LogConfig: Setting CVar [[r.SSS.HalfRes:0]]
[2020.12.18-13.11.43:426][  0]LogConfig: Setting CVar [[r.SSGI.Quality:3]]
[2020.12.18-13.11.43:426][  0]LogConfig: Setting CVar [[r.EmitterSpawnRateScale:1.0]]
[2020.12.18-13.11.43:426][  0]LogConfig: Setting CVar [[r.ParticleLightQuality:2]]
[2020.12.18-13.11.43:426][  0]LogConfig: Setting CVar [[r.SkyAtmosphere.AerialPerspectiveLUT.FastApplyOnOpaque:1 ; Always have FastSkyLUT 1 in this case to avoid wrong sky]]
[2020.12.18-13.11.43:426][  0]LogConfig: Setting CVar [[r.SkyAtmosphere.AerialPerspectiveLUT.SampleCountPerSlice:1]]
[2020.12.18-13.11.43:426][  0]LogConfig: Setting CVar [[r.SkyAtmosphere.AerialPerspectiveLUT.DepthResolution:16.0]]
[2020.12.18-13.11.43:426][  0]LogConfig: Setting CVar [[r.SkyAtmosphere.FastSkyLUT:1]]
[2020.12.18-13.11.43:426][  0]LogConfig: Setting CVar [[r.SkyAtmosphere.FastSkyLUT.SampleCountMin:4.0]]
[2020.12.18-13.11.43:426][  0]LogConfig: Setting CVar [[r.SkyAtmosphere.FastSkyLUT.SampleCountMax:32.0]]
[2020.12.18-13.11.43:426][  0]LogConfig: Setting CVar [[r.SkyAtmosphere.SampleCountMin:4.0]]
[2020.12.18-13.11.43:426][  0]LogConfig: Setting CVar [[r.SkyAtmosphere.SampleCountMax:32.0]]
[2020.12.18-13.11.43:426][  0]LogConfig: Setting CVar [[r.SkyAtmosphere.TransmittanceLUT.UseSmallFormat:0]]
[2020.12.18-13.11.43:426][  0]LogConfig: Setting CVar [[r.SkyAtmosphere.TransmittanceLUT.SampleCount:10.0]]
[2020.12.18-13.11.43:426][  0]LogConfig: Setting CVar [[r.SkyAtmosphere.MultiScatteringLUT.SampleCount:15.0]]
[2020.12.18-13.11.43:426][  0]LogConfig: Applying CVar settings from Section [FoliageQuality@3] File [C:/Users/ADMIN/Documents/GitHub/Game-design-Project/Escape_the_Dungeon/Saved/Config/Windows/Scalability.ini]
[2020.12.18-13.11.43:426][  0]LogConfig: Setting CVar [[foliage.DensityScale:1.0]]
[2020.12.18-13.11.43:427][  0]LogConfig: Setting CVar [[grass.DensityScale:1.0]]
[2020.12.18-13.11.43:427][  0]LogConfig: Applying CVar settings from Section [ShadingQuality@3] File [C:/Users/ADMIN/Documents/GitHub/Game-design-Project/Escape_the_Dungeon/Saved/Config/Windows/Scalability.ini]
[2020.12.18-13.11.43:427][  0]LogConfig: Setting CVar [[r.HairStrands.SkyLighting.SampleCount:16]]
[2020.12.18-13.11.43:427][  0]LogConfig: Setting CVar [[r.HairStrands.SkyLighting.JitterIntegration:0]]
[2020.12.18-13.11.43:427][  0]LogConfig: Setting CVar [[r.HairStrands.SkyAO.SampleCount:16]]
[2020.12.18-13.11.43:427][  0]LogConfig: Setting CVar [[r.HairStrands.DeepShadow.SuperSampling:0]]
[2020.12.18-13.11.43:427][  0]LogConfig: Setting CVar [[r.HairStrands.VisibilityPPLL:0]]
[2020.12.18-13.11.43:427][  0]LogConfig: Setting CVar [[r.HairStrands.RasterizationScale:0.5]]
[2020.12.18-13.11.43:427][  0]LogConfig: Setting CVar [[r.HairStrands.VelocityRasterizationScale:1]]
[2020.12.18-13.11.43:427][  0]LogConfig: Applying CVar settings from Section [Startup] File [../../../Engine/Config/ConsoleVariables.ini]
[2020.12.18-13.11.43:428][  0]LogConfig: Setting CVar [[net.UseAdaptiveNetUpdateFrequency:0]]
[2020.12.18-13.11.43:428][  0]LogConfig: Setting CVar [[p.chaos.AllowCreatePhysxBodies:1]]
[2020.12.18-13.11.43:428][  0]LogConfig: Setting CVar [[fx.SkipVectorVMBackendOptimizations:1]]
[2020.12.18-13.11.43:428][  0]LogConfig: Applying CVar settings from Section [ConsoleVariables] File [C:/Users/ADMIN/Documents/GitHub/Game-design-Project/Escape_the_Dungeon/Saved/Config/Windows/Engine.ini]
[2020.12.18-13.11.43:428][  0]LogInit: Computer: DESKTOP-NGI86F4
[2020.12.18-13.11.43:428][  0]LogInit: User: ADMIN
[2020.12.18-13.11.43:428][  0]LogInit: CPU Page size=4096, Cores=4
[2020.12.18-13.11.43:428][  0]LogInit: High frequency timer resolution =10.000000 MHz
[2020.12.18-13.11.43:428][  0]LogMemory: Memory total: Physical=7.9GB (8GB approx)
[2020.12.18-13.11.43:428][  0]LogMemory: Platform Memory Stats for Windows
[2020.12.18-13.11.43:428][  0]LogMemory: Process Physical Memory: 115.83 MB used, 115.83 MB peak
[2020.12.18-13.11.43:428][  0]LogMemory: Process Virtual Memory: 96.22 MB used, 96.22 MB peak
[2020.12.18-13.11.43:428][  0]LogMemory: Physical Memory: 5709.34 MB used,  2366.26 MB free, 8075.60 MB total
[2020.12.18-13.11.43:428][  0]LogMemory: Virtual Memory: 5110.56 MB used,  134212616.00 MB free, 134217728.00 MB total
[2020.12.18-13.11.43:438][  0]LogWindows: WindowsPlatformFeatures enabled
[2020.12.18-13.11.43:986][  0]LogInit: Physics initialised using underlying interface: PhysX
[2020.12.18-13.11.44:005][  0]LogInit: Using OS detected language (en-US).
[2020.12.18-13.11.44:005][  0]LogInit: Using OS detected locale (en-US).
[2020.12.18-13.11.44:188][  0]LogTextLocalizationManager: No specific localization for 'en-US' exists, so the 'en' localization will be used.
[2020.12.18-13.11.44:774][  0]LogInit: Setting process to per monitor DPI aware
[2020.12.18-13.11.45:157][  0]LogSlate: New Slate User Created.  User Index 0, Is Virtual User: 0
[2020.12.18-13.11.45:157][  0]LogSlate: Slate User Registered.  User Index 0, Is Virtual User: 0
[2020.12.18-13.11.46:077][  0]LogHMD: Failed to initialize OpenVR with code 110
[2020.12.18-13.11.46:077][  0]LogD3D11RHI: D3D11 min allowed feature level: 11_0
[2020.12.18-13.11.46:077][  0]LogD3D11RHI: D3D11 max allowed feature level: 11_0
[2020.12.18-13.11.46:077][  0]LogD3D11RHI: D3D11 adapters:
[2020.12.18-13.11.46:257][  0]LogD3D11RHI:    0. 'NVIDIA GeForce GTX 1050' (Feature Level 11_0)
[2020.12.18-13.11.46:258][  0]LogD3D11RHI:       4019/0/4037 MB DedicatedVideo/DedicatedSystem/SharedSystem, Outputs:1, VendorId:0x10de
[2020.12.18-13.11.46:272][  0]LogD3D11RHI:    1. 'Intel(R) HD Graphics 630' (Feature Level 11_0)
[2020.12.18-13.11.46:272][  0]LogD3D11RHI:       128/0/4037 MB DedicatedVideo/DedicatedSystem/SharedSystem, Outputs:0, VendorId:0x8086
[2020.12.18-13.11.46:275][  0]LogD3D11RHI:    2. 'Microsoft Basic Render Driver' (Feature Level 11_0)
[2020.12.18-13.11.46:275][  0]LogD3D11RHI:       0/0/4037 MB DedicatedVideo/DedicatedSystem/SharedSystem, Outputs:0, VendorId:0x1414
[2020.12.18-13.11.46:275][  0]LogD3D11RHI: Chosen D3D11 Adapter: 0
[2020.12.18-13.11.46:283][  0]LogD3D11RHI: Creating new Direct3DDevice
[2020.12.18-13.11.46:284][  0]LogD3D11RHI:     GPU DeviceId: 0x1c8d (for the marketing name, search the web for "GPU Device Id")
[2020.12.18-13.11.46:284][  0]LogWindows: EnumDisplayDevices:
[2020.12.18-13.11.46:284][  0]LogWindows:    0. 'Intel(R) HD Graphics 630' (P:1 D:1)
[2020.12.18-13.11.46:285][  0]LogWindows:    1. 'Intel(R) HD Graphics 630' (P:0 D:0)
[2020.12.18-13.11.46:285][  0]LogWindows:    2. 'Intel(R) HD Graphics 630' (P:0 D:0)
[2020.12.18-13.11.46:286][  0]LogWindows:    3. 'NVIDIA GeForce GTX 1050' (P:0 D:0)
[2020.12.18-13.11.46:286][  0]LogWindows: DebugString: PrimaryIsNotTheChoosenAdapter PrimaryIsNotTheChoosenAdapter PrimaryIsNotTheChoosenAdapter 
[2020.12.18-13.11.46:286][  0]LogD3D11RHI:     Adapter Name: NVIDIA GeForce GTX 1050
[2020.12.18-13.11.46:286][  0]LogD3D11RHI:   Driver Version: 460.79 (internal:27.21.14.6079, unified:460.79)
[2020.12.18-13.11.46:286][  0]LogD3D11RHI:      Driver Date: 12-3-2020
[2020.12.18-13.11.46:286][  0]LogRHI: Texture pool is 2813 MB (70% of 4019 MB)
[2020.12.18-13.11.46:392][  0]LogD3D11RHI: RHI has support for 64 bit atomics
[2020.12.18-13.11.46:399][  0]LogD3D11RHI: [Aftermath] Enabled and primed
[2020.12.18-13.11.46:399][  0]LogD3D11RHI: Async texture creation enabled
[2020.12.18-13.11.46:399][  0]LogD3D11RHI: Array index from any shader is supported
[2020.12.18-13.11.46:427][  0]LogD3D11RHI: GPU Timing Frequency: 1000.000000 (Debug: 2 1)
[2020.12.18-13.11.47:233][  0]LogTargetPlatformManager: Display: Loaded TargetPlatform 'AllDesktop'
[2020.12.18-13.11.47:276][  0]LogTargetPlatformManager: Display: Loaded TargetPlatform 'Android'
[2020.12.18-13.11.47:276][  0]LogTargetPlatformManager: Display: Loaded TargetPlatform 'Android_ASTC'
[2020.12.18-13.11.47:276][  0]LogTargetPlatformManager: Display: Loaded TargetPlatform 'Android_DXT'
[2020.12.18-13.11.47:276][  0]LogTargetPlatformManager: Display: Loaded TargetPlatform 'Android_ETC2'
[2020.12.18-13.11.47:276][  0]LogTargetPlatformManager: Display: Loaded TargetPlatform 'AndroidClient'
[2020.12.18-13.11.47:276][  0]LogTargetPlatformManager: Display: Loaded TargetPlatform 'Android_ASTCClient'
[2020.12.18-13.11.47:276][  0]LogTargetPlatformManager: Display: Loaded TargetPlatform 'Android_DXTClient'
[2020.12.18-13.11.47:276][  0]LogTargetPlatformManager: Display: Loaded TargetPlatform 'Android_ETC2Client'
[2020.12.18-13.11.47:276][  0]LogTargetPlatformManager: Display: Loaded TargetPlatform 'Android_Multi'
[2020.12.18-13.11.47:276][  0]LogTargetPlatformManager: Display: Loaded TargetPlatform 'Android_MultiClient'
[2020.12.18-13.11.47:331][  0]LogTargetPlatformManager: Display: Loaded TargetPlatform 'IOSClient'
[2020.12.18-13.11.47:331][  0]LogTargetPlatformManager: Display: Loaded TargetPlatform 'IOS'
[2020.12.18-13.11.47:376][  0]LogTargetPlatformManager: Display: Loaded TargetPlatform 'Linux'
[2020.12.18-13.11.47:392][  0]LogTargetPlatformManager: Display: Loaded TargetPlatform 'LinuxNoEditor'
[2020.12.18-13.11.47:405][  0]LogTargetPlatformManager: Display: Loaded TargetPlatform 'LinuxClient'
[2020.12.18-13.11.47:418][  0]LogTargetPlatformManager: Display: Loaded TargetPlatform 'LinuxServer'
[2020.12.18-13.11.47:458][  0]LogTargetPlatformManager: Display: Loaded TargetPlatform 'LinuxAArch64NoEditor'
[2020.12.18-13.11.47:473][  0]LogTargetPlatformManager: Display: Loaded TargetPlatform 'LinuxAArch64Client'
[2020.12.18-13.11.47:489][  0]LogTargetPlatformManager: Display: Loaded TargetPlatform 'LinuxAArch64Server'
[2020.12.18-13.11.47:548][  0]LogTargetPlatformManager: Display: Loaded TargetPlatform 'Lumin'
[2020.12.18-13.11.47:548][  0]LogTargetPlatformManager: Display: Loaded TargetPlatform 'LuminClient'
[2020.12.18-13.11.47:581][  0]LogTargetPlatformManager: Display: Loaded TargetPlatform 'TVOSClient'
[2020.12.18-13.11.47:581][  0]LogTargetPlatformManager: Display: Loaded TargetPlatform 'TVOS'
[2020.12.18-13.11.47:609][  0]LogTargetPlatformManager: Display: Loaded TargetPlatform 'WindowsNoEditor'
[2020.12.18-13.11.47:640][  0]LogTargetPlatformManager: Display: Loaded TargetPlatform 'Windows'
[2020.12.18-13.11.47:662][  0]LogTargetPlatformManager: Display: Loaded TargetPlatform 'WindowsClient'
[2020.12.18-13.11.47:684][  0]LogTargetPlatformManager: Display: Loaded TargetPlatform 'WindowsServer'
[2020.12.18-13.11.47:684][  0]LogTargetPlatformManager: Display: Building Assets For Windows
[2020.12.18-13.11.47:819][  0]LogAudioDebug: Display: Lib vorbis DLL was dynamically loaded.
[2020.12.18-13.11.48:333][  0]LogShaderCompilers: Guid format shader working directory is -25 characters bigger than the processId version (C:/Users/ADMIN/Documents/GitHub/Game-design-Project/Escape_the_Dungeon/Intermediate/Shaders/WorkingDirectory/20980/).
[2020.12.18-13.11.48:334][  0]LogShaderCompilers: Cleaned the shader compiler working directory 'C:/Users/ADMIN/AppData/Local/Temp/UnrealShaderWorkingDir/7F92E42C4665B2F8EA4312896A27D03F/'.
[2020.12.18-13.11.48:343][  0]LogXGEController: Cleaning working directory: C:/Users/ADMIN/AppData/Local/Temp/UnrealXGEWorkingDir/
[2020.12.18-13.11.48:344][  0]LogXGEController: Cannot use XGE Controller as Incredibuild is not installed on this machine.
[2020.12.18-13.11.48:344][  0]LogShaderCompilers: Cannot use XGE Shader Compiler as Incredibuild is not installed on this machine.
[2020.12.18-13.11.48:344][  0]LogShaderCompilers: Display: Using Local Shader Compiler.
[2020.12.18-13.11.51:314][  0]LogDerivedDataCache: Display: Max Cache Size: 512 MB
[2020.12.18-13.11.51:438][  0]LogDerivedDataCache: Loaded boot cache 0.12s 76MB C:/Users/ADMIN/AppData/Local/UnrealEngine/4.25/DerivedDataCache/Boot.ddc.
[2020.12.18-13.11.51:438][  0]LogDerivedDataCache: Display: Loaded Boot cache: C:/Users/ADMIN/AppData/Local/UnrealEngine/4.25/DerivedDataCache/Boot.ddc
[2020.12.18-13.11.51:438][  0]LogDerivedDataCache: FDerivedDataBackendGraph:  Pak pak cache file C:/Users/ADMIN/Documents/GitHub/Game-design-Project/Escape_the_Dungeon/DerivedDataCache/DDC.ddp not found, will not use a pak cache.
[2020.12.18-13.11.51:438][  0]LogDerivedDataCache: Unable to find inner node Pak for hierarchical cache Hierarchy.
[2020.12.18-13.11.51:438][  0]LogDerivedDataCache: FDerivedDataBackendGraph:  CompressedPak pak cache file C:/Users/ADMIN/Documents/GitHub/Game-design-Project/Escape_the_Dungeon/DerivedDataCache/Compressed.ddp not found, will not use a pak cache.
[2020.12.18-13.11.51:438][  0]LogDerivedDataCache: Unable to find inner node CompressedPak for hierarchical cache Hierarchy.
[2020.12.18-13.11.51:452][  0]LogDerivedDataCache: Display: Pak cache opened for reading ../../../Engine/DerivedDataCache/Compressed.ddp.
[2020.12.18-13.11.51:453][  0]LogDerivedDataCache: FDerivedDataBackendGraph:  EnterprisePak pak cache file ../../../Enterprise/DerivedDataCache/Compressed.ddp not found, will not use a pak cache.
[2020.12.18-13.11.51:453][  0]LogDerivedDataCache: Unable to find inner node EnterprisePak for hierarchical cache Hierarchy.
[2020.12.18-13.11.51:454][  0]LogDerivedDataCache: Using Local data cache path C:/Users/ADMIN/AppData/Local/UnrealEngine/Common/DerivedDataCache: Writable
[2020.12.18-13.11.51:455][  0]LogDerivedDataCache: Shared data cache path not found in *engine.ini, will not use an Shared cache.
[2020.12.18-13.11.51:455][  0]LogDerivedDataCache: Unable to find inner node Shared for hierarchical cache Hierarchy.
[2020.12.18-13.11.51:521][  0]LogSlate: Using FreeType 2.10.0
[2020.12.18-13.11.51:656][  0]LogSlate: SlateFontServices - WITH_FREETYPE: 1, WITH_HARFBUZZ: 1
[2020.12.18-13.11.52:158][  0]LogAssetRegistry: FAssetRegistry took 0.0031 seconds to start up
[2020.12.18-13.11.52:470][  0]LogInit: Selected Device Profile: [Windows]
[2020.12.18-13.11.53:308][  0]LogMeshReduction: Using QuadricMeshReduction for automatic static mesh reduction
[2020.12.18-13.11.53:308][  0]LogMeshReduction: Using SimplygonMeshReduction for automatic skeletal mesh reduction
[2020.12.18-13.11.53:308][  0]LogMeshReduction: Using ProxyLODMeshReduction for automatic mesh merging
[2020.12.18-13.11.53:308][  0]LogMeshReduction: No distributed automatic mesh merging module available
[2020.12.18-13.11.53:308][  0]LogMeshMerging: No distributed automatic mesh merging module available
[2020.12.18-13.11.53:387][  0]LogNetVersion: Escape_the_Dungeon 1.0.0, NetCL: 13144385, EngineNetVer: 14, GameNetVer: 0 (Checksum: 1758908391)
[2020.12.18-13.12.02:388][  0]LogAISub: UAISubsystem::UAISubsystem AISubsystem (00000258C4977000), frame # 0
[2020.12.18-13.12.02:388][  0]LogAISub: UAISubsystem::UAISubsystem AIPerceptionSystem (00000258C4932AC0), frame # 0
[2020.12.18-13.12.02:396][  0]LogAISub: UAISubsystem::UAISubsystem EnvQueryManager (00000258C4A66800), frame # 0
[2020.12.18-13.12.02:460][  0]LogPackageLocalizationCache: Processed 19 localized package path(s) for 1 prioritized culture(s) in 0.057372 seconds
[2020.12.18-13.12.02:466][  0]LogUObjectArray: 15917 objects as part of root set at end of initial load.
[2020.12.18-13.12.02:466][  0]LogUObjectAllocator: 3965568 out of 0 bytes used by permanent object pool.
[2020.12.18-13.12.02:466][  0]LogUObjectArray: CloseDisregardForGC: 0/0 objects in disregard for GC pool
[2020.12.18-13.12.05:138][  0]LogTcpMessaging: Initializing TcpMessaging bridge
[2020.12.18-13.12.05:159][  0]LogUdpMessaging: Initializing bridge on interface 0.0.0.0:0 to multicast group 230.0.0.1:6666.
[2020.12.18-13.12.05:730][  0]SourceControl: Source control is disabled
[2020.12.18-13.12.05:730][  0]SourceControl: Source control is disabled
[2020.12.18-13.12.05:769][  0]SourceControl: Source control is disabled
[2020.12.18-13.12.05:795][  0]SourceControl: Source control is disabled
[2020.12.18-13.12.05:852][  0]SourceControl: Source control is disabled
[2020.12.18-13.12.07:523][  0]LogAndroidPermission: UAndroidPermissionCallbackProxy::GetInstance
[2020.12.18-13.12.07:581][  0]LogAudioCaptureCore: Display: No Audio Capture implementations found. Audio input will be silent.
[2020.12.18-13.12.07:581][  0]LogAudioCaptureCore: Display: No Audio Capture implementations found. Audio input will be silent.
[2020.12.18-13.12.07:825][  0]LogOcInput: OculusInput pre-init called
[2020.12.18-13.12.07:871][  0]LogWindows: Failed to load 'OVRPlugin.dll' (GetLastError=126)
[2020.12.18-13.12.07:871][  0]LogWindows: File 'OVRPlugin.dll' does not exist
[2020.12.18-13.12.08:129][  0]LogEngine: Initializing Engine...
[2020.12.18-13.12.08:131][  0]LogHMD: Failed to initialize OpenVR with code 110
[2020.12.18-13.12.08:131][  0]LogMagicLeap: Warning: VR disabled because ZI is not enabled.  To enable, in the editor, Edit -> Project Settings -> Plugins -> Magic Leap Plugin -> Enable Zero Iteration
[2020.12.18-13.12.08:132][  0]LogStats: UGameplayTagsManager::InitializeManager -  0.000 s
[2020.12.18-13.12.08:358][  0]LogInit: Initializing FReadOnlyCVARCache
[2020.12.18-13.12.08:425][  0]LogAIModule: Creating AISystem for world Untitled
[2020.12.18-13.12.08:425][  0]LogAISub: UAISubsystem::UAISubsystem EnvQueryManager (00000258C69E1C00), frame # 0
[2020.12.18-13.12.08:425][  0]LogAISub: UAISubsystem::UAISubsystem AIPerceptionSystem (00000258C6A28B80), frame # 0
[2020.12.18-13.12.08:464][  0]LogAudioMixer: Display: Audio Mixer Platform Settings:
[2020.12.18-13.12.08:464][  0]LogAudioMixer: Display: 	Sample Rate:						  48000
[2020.12.18-13.12.08:464][  0]LogAudioMixer: Display: 	Callback Buffer Frame Size Requested: 1024
[2020.12.18-13.12.08:464][  0]LogAudioMixer: Display: 	Callback Buffer Frame Size To Use:	  1024
[2020.12.18-13.12.08:464][  0]LogAudioMixer: Display: 	Number of buffers to queue:			  2
[2020.12.18-13.12.08:464][  0]LogAudioMixer: Display: 	Max Channels (voices):				  32
[2020.12.18-13.12.08:464][  0]LogAudioMixer: Display: 	Number of Async Source Workers:		  0
[2020.12.18-13.12.08:464][  0]LogAudio: Display: AudioDevice MaxSources: 32
[2020.12.18-13.12.08:465][  0]LogAudio: Display: Using built-in audio occlusion.
[2020.12.18-13.12.08:465][  0]LogAudioMixer: Display: Initializing audio mixer.
[2020.12.18-13.12.08:502][  0]LogAudioMixer: Display: 0: FrontLeft
[2020.12.18-13.12.08:502][  0]LogAudioMixer: Display: 1: FrontRight
[2020.12.18-13.12.08:579][  0]LogAudioMixer: Display: Using Audio Device Speakers (Realtek High Definition Audio(SST))
[2020.12.18-13.12.08:583][  0]LogAudioMixer: Display: Initializing Sound Submixes...
[2020.12.18-13.12.08:600][  0]LogAudioMixer: Display: Creating Master Submix 'MasterSubmixDefault'
[2020.12.18-13.12.08:600][  0]LogAudioMixer: Display: Creating Master Submix 'MasterReverbSubmixDefault'
[2020.12.18-13.12.08:601][  0]LogAudioMixer: Display: Creating Master Submix 'MasterEQSubmixDefault'
[2020.12.18-13.12.08:603][  0]LogInit: FAudioDevice initialized.
[2020.12.18-13.12.08:604][  0]LogNetVersion: Set ProjectVersion to 1.0.0.0. Version Checksum will be recalculated on next use.
[2020.12.18-13.12.08:655][  0]LogDerivedDataCache: Saved boot cache 0.05s 76MB C:/Users/ADMIN/AppData/Local/UnrealEngine/4.25/DerivedDataCache/Boot.ddc.
[2020.12.18-13.12.08:656][  0]LogInit: Texture streaming: Enabled
[2020.12.18-13.12.08:808][  0]LogEngineSessionManager: EngineSessionManager initialized
[2020.12.18-13.12.08:808][  0]LogEditorSessionSummary: Verbose: Initializing EditorSessionSummaryWriter for editor session tracking
[2020.12.18-13.12.08:822][  0]LogEditorSessionSummary: EditorSessionSummaryWriter initialized
[2020.12.18-13.12.09:009][  0]LogInit: Transaction tracking system initialized
[2020.12.18-13.12.09:268][  0]BlueprintLog: New page: Editor Load
[2020.12.18-13.12.09:874][  0]LocalizationService: Localization service is disabled
[2020.12.18-13.12.11:035][  0]LogCook: Display: Max memory allowance for cook 16384mb min free memory 0mb
[2020.12.18-13.12.11:035][  0]LogCook: Display: Mobile HDR setting 1
[2020.12.18-13.12.11:489][  0]LogFileCache: Scanning file cache for directory 'C:/Users/ADMIN/Documents/GitHub/Game-design-Project/Escape_the_Dungeon/Content/' took 0.02s
[2020.12.18-13.12.13:262][  0]SourceControl: Source control is disabled
[2020.12.18-13.12.13:262][  0]LogUnrealEdMisc: Loading editor; pre map load, took 46.278
[2020.12.18-13.12.13:262][  0]Cmd: MAP LOAD FILE="C:/Users/ADMIN/Documents/GitHub/Game-design-Project/Escape_the_Dungeon/Content/SideScrollerBP/Maps/SideScrollerExampleMap.umap" TEMPLATE=0 SHOWPROGRESS=1 FEATURELEVEL=3
[2020.12.18-13.12.13:263][  0]LightingResults: New page: Lighting Build
[2020.12.18-13.12.13:287][  0]LogWorld: UWorld::CleanupWorld for Untitled, bSessionEnded=true, bCleanupResources=true
[2020.12.18-13.12.13:287][  0]LogSlate: InvalidateAllWidgets triggered.  All widgets were invalidated
[2020.12.18-13.12.13:288][  0]MapCheck: New page: Map Check
[2020.12.18-13.12.13:288][  0]LightingResults: New page: Lighting Build
[2020.12.18-13.12.13:298][  0]LogAISub: UAISubsystem::~UAISubsystem EnvQueryManager (00000258C69E1C00), frame # 0
[2020.12.18-13.12.13:298][  0]LogAISub: UAISubsystem::~UAISubsystem AIPerceptionSystem (00000258C6A28B80), frame # 0
[2020.12.18-13.12.13:299][  0]LogUObjectHash: Compacting FUObjectHashTables data took   0.92ms
[2020.12.18-13.12.14:628][  0]LogAIModule: Creating AISystem for world SideScrollerExampleMap
[2020.12.18-13.12.14:628][  0]LogAISub: UAISubsystem::UAISubsystem EnvQueryManager (00000258D22A8E00), frame # 0
[2020.12.18-13.12.14:629][  0]LogAISub: UAISubsystem::UAISubsystem AIPerceptionSystem (00000258D22C6480), frame # 0
[2020.12.18-13.12.14:639][  0]LogEditorServer: Finished looking for orphan Actors (0.000 secs)
[2020.12.18-13.12.14:654][  0]LogUObjectHash: Compacting FUObjectHashTables data took   1.20ms
[2020.12.18-13.12.14:658][  0]Cmd: MAP CHECKDEP NOCLEARLOG
[2020.12.18-13.12.14:658][  0]MapCheck: Map check complete: 0 Error(s), 0 Warning(s), took 0.183ms to complete.
[2020.12.18-13.12.14:658][  0]LogFileHelpers: Loading map 'SideScrollerExampleMap' took 1.396
[2020.12.18-13.12.14:660][  0]LogUnrealEdMisc: Total Editor Startup Time, took 47.676
[2020.12.18-13.12.14:854][  0]LogSlate: Updating window title bar state: overlay mode, drag disabled, window buttons hidden, title bar hidden
[2020.12.18-13.12.14:862][  0]LogSlate: Updating window title bar state: overlay mode, drag disabled, window buttons hidden, title bar hidden
[2020.12.18-13.12.14:870][  0]LogSlate: Updating window title bar state: overlay mode, drag disabled, window buttons hidden, title bar hidden
[2020.12.18-13.12.14:882][  0]LogSlate: Updating window title bar state: overlay mode, drag disabled, window buttons hidden, title bar hidden
[2020.12.18-13.12.14:912][  0]LogCollectionManager: Loaded 0 collections in 0.000919 seconds
[2020.12.18-13.12.14:945][  0]LogFileCache: Scanning file cache for directory 'C:/Users/ADMIN/Documents/GitHub/Game-design-Project/Escape_the_Dungeon/Saved/Collections/' took 0.00s
[2020.12.18-13.12.14:945][  0]LogFileCache: Scanning file cache for directory 'C:/Users/ADMIN/Documents/GitHub/Game-design-Project/Escape_the_Dungeon/Content/Developers/ADMIN/Collections/' took 0.00s
[2020.12.18-13.12.14:945][  0]LogFileCache: Scanning file cache for directory 'C:/Users/ADMIN/Documents/GitHub/Game-design-Project/Escape_the_Dungeon/Content/Collections/' took 0.00s
[2020.12.18-13.12.14:945][  0]LogContentBrowser: Native class hierarchy populated in 0.0090 seconds. Added 3427 classes and 821 folders.
[2020.12.18-13.12.14:996][  0]LogContentBrowser: Native class hierarchy updated for 'WidgetCarousel' in 0.0003 seconds. Added 0 classes and 0 folders.
[2020.12.18-13.12.15:877][  0]LogContentBrowser: Native class hierarchy updated for 'AddContentDialog' in 0.0003 seconds. Added 0 classes and 0 folders.
[2020.12.18-13.12.15:878][  0]LogContentBrowser: Native class hierarchy updated for 'SceneOutliner' in 0.0003 seconds. Added 2 classes and 0 folders.
[2020.12.18-13.12.16:103][  0]LogSlate: Took 0.053668 seconds to synchronously load lazily loaded font '../../../Engine/Content/Slate/Fonts/Roboto-Regular.ttf' (155K)
[2020.12.18-13.12.16:128][  0]LogSlate: Took 0.022809 seconds to synchronously load lazily loaded font '../../../Engine/Content/Slate/Fonts/Roboto-Bold.ttf' (160K)
[2020.12.18-13.12.16:152][  0]LogSlate: Took 0.019246 seconds to synchronously load lazily loaded font '../../../Engine/Content/Editor/Slate/Fonts/FontAwesome.ttf' (139K)
[2020.12.18-13.12.16:273][  0]LogRenderer: Reallocating scene render targets to support 964x432 Format 10 NumSamples 1 (Frame:1).
[2020.12.18-13.12.16:432][  0]LogContentBrowser: Native class hierarchy updated for 'HierarchicalLODOutliner' in 0.0008 seconds. Added 0 classes and 0 folders.
[2020.12.18-13.12.16:433][  0]LogLoad: (Engine Initialization) Total time: 49.45 seconds
[2020.12.18-13.12.16:433][  0]LogLoad: (Engine Initialization) Total Blueprint compile time: 0.00 seconds
[2020.12.18-13.12.16:491][  0]LogAssetRegistry: Asset discovery search completed in 24.3345 seconds
[2020.12.18-13.12.16:495][  0]LogCollectionManager: Fixed up redirectors for 0 collections in 0.000003 seconds (updated 0 objects)
[2020.12.18-13.12.16:496][  0]LogContentStreaming: Texture pool size now 1000 MB
[2020.12.18-13.12.16:591][  0]LogSlate: Took 0.056350 seconds to synchronously load lazily loaded font '../../../Engine/Content/Slate/Fonts/Roboto-Light.ttf' (167K)
[2020.12.18-13.12.17:798][  4]LogSlate: Took 0.000319 seconds to synchronously load lazily loaded font '../../../Engine/Content/Slate/Fonts/Roboto-Light.ttf' (167K)
[2020.12.18-13.16.56:054][799]LogUObjectHash: Compacting FUObjectHashTables data took   0.70ms
[2020.12.18-13.16.57:404][799]LogSlate: Window 'Delete Assets' being destroyed
[2020.12.18-13.16.57:550][799]LogUObjectHash: Compacting FUObjectHashTables data took   0.63ms
[2020.12.18-13.16.57:581][799]LogUObjectHash: Compacting FUObjectHashTables data took   0.58ms
[2020.12.18-13.16.57:591][799]LogUObjectHash: Compacting FUObjectHashTables data took   0.33ms
[2020.12.18-13.17.09:043][173]LogSlate: Window 'Pick Parent Class' being destroyed
[2020.12.18-13.21.46:327][748]LogUObjectHash: Compacting FUObjectHashTables data took   0.75ms
[2020.12.18-13.21.47:762][748]LogSlate: Window 'Delete Assets' being destroyed
[2020.12.18-13.21.47:845][748]LogUObjectHash: Compacting FUObjectHashTables data took   0.99ms
[2020.12.18-13.21.58:728][354]LogSlate: Warning: Slate: Had to block on waiting for a draw buffer
[2020.12.18-13.22.01:094][354]LogSlate: Window 'Pick Parent Class' being destroyed
[2020.12.18-13.22.09:000][819]LogAssetEditorSubsystem: Opening Asset editor for Blueprint /Game/Blueprints/Enemys/ranged/Enemy_range.Enemy_range
[2020.12.18-13.22.09:463][819]LogContentBrowser: Native class hierarchy updated for 'BlueprintGraph' in 0.0007 seconds. Added 125 classes and 0 folders.
[2020.12.18-13.22.10:970][819]LogRenderer: Reallocating scene render targets to support 964x536 Format 10 NumSamples 1 (Frame:1).
[2020.12.18-13.22.13:372][937]LogSlate: Took 0.003600 seconds to synchronously load lazily loaded font '../../../Engine/Content/Slate/Fonts/Roboto-Italic.ttf' (157K)
[2020.12.18-13.23.17:763][ 39]LogUObjectHash: Compacting FUObjectHashTables data took   1.95ms
[2020.12.18-13.23.17:764][ 39]LogFileHelpers: Editor autosave (incl. sublevels) for '/Game/SideScrollerBP/Maps/SideScrollerExampleMap' took 0.029
[2020.12.18-13.23.17:765][ 39]OBJ SavePackage: Generating thumbnails for [0] asset(s) in package [/Game/Blueprints/Enemys/ranged/Enemy_range] ([1] browsable assets)...
[2020.12.18-13.23.17:765][ 39]OBJ SavePackage: Finished generating thumbnails for package [/Game/Blueprints/Enemys/ranged/Enemy_range]
[2020.12.18-13.23.17:772][ 39]LogSavePackage: Moving 'C:/Users/ADMIN/Documents/GitHub/Game-design-Project/Escape_the_Dungeon/Saved/Enemy_range_Auto1B2E9A38F4F314AB79A686DAA172CAD15.tmp' to 'C:/Users/ADMIN/Documents/GitHub/Game-design-Project/Escape_the_Dungeon/Saved/Autosaves/Game/Blueprints/Enemys/ranged/Enemy_range_Auto1.uasset'
[2020.12.18-13.23.17:774][ 39]LogFileHelpers: Auto-saving content packages took 0.009
[2020.12.18-13.23.32:023][143]LogSlate: Window 'Enemy_range' being destroyed
[2020.12.18-13.23.32:036][143]LogSlate: Window 'Enemy_range' being destroyed
[2020.12.18-13.23.32:056][143]LogWorld: UWorld::CleanupWorld for World_2, bSessionEnded=true, bCleanupResources=true
[2020.12.18-13.23.32:057][143]LogSlate: InvalidateAllWidgets triggered.  All widgets were invalidated
[2020.12.18-13.23.34:049][248]LogUObjectHash: Compacting FUObjectHashTables data took   1.91ms
[2020.12.18-13.23.35:929][248]LogSlate: Window 'Delete Assets' being destroyed
[2020.12.18-13.23.36:034][248]LogUObjectHash: Compacting FUObjectHashTables data took   2.29ms
[2020.12.18-13.23.40:062][465]LogSlate: Warning: Slate: Had to block on waiting for a draw buffer
[2020.12.18-13.23.50:930][465]LogSlate: Window 'Pick Parent Class' being destroyed
[2020.12.18-13.25.31:141][996]LogSlate: Window 'Pick Parent Class' being destroyed
[2020.12.18-13.25.51:369][193]LogAssetEditorSubsystem: Opening Asset editor for Blueprint /Game/Blueprints/Enemys/EnemyBlue_BP.EnemyBlue_BP
[2020.12.18-13.25.54:753][292]LogSlate: Window 'EnemyBlue_BP' being destroyed
[2020.12.18-13.25.54:807][292]LogWorld: UWorld::CleanupWorld for World_3, bSessionEnded=true, bCleanupResources=true
[2020.12.18-13.25.54:807][292]LogSlate: InvalidateAllWidgets triggered.  All widgets were invalidated
[2020.12.18-13.25.54:880][292]LogAssetEditorSubsystem: Opening Asset editor for Blueprint /Game/Blueprints/Enemys/EnemyBlue_BP.EnemyBlue_BP
[2020.12.18-13.25.55:618][292]LogSlate: Took 0.009161 seconds to synchronously load lazily loaded font '../../../Engine/Content/Slate/Fonts/Roboto-BoldCondensed.ttf' (158K)
[2020.12.18-13.26.21:061][444]LogSlate: Window 'EnemyBlue_BP' being destroyed
[2020.12.18-13.26.21:066][444]LogSlate: Window 'EnemyBlue_BP' being destroyed
[2020.12.18-13.26.21:083][444]LogWorld: UWorld::CleanupWorld for World_6, bSessionEnded=true, bCleanupResources=true
[2020.12.18-13.26.21:083][444]LogSlate: InvalidateAllWidgets triggered.  All widgets were invalidated
[2020.12.18-13.26.22:985][496]LogAssetEditorSubsystem: Opening Asset editor for Blueprint /Game/Blueprints/Enemys/ranged/Enemy_range.Enemy_range
[2020.12.18-13.26.40:658][281]LogAssetEditorSubsystem: Opening Asset editor for Blueprint /Game/Blueprints/Enemys/EnemyBlue_BP.EnemyBlue_BP
[2020.12.18-13.28.03:497][856]LogMaterial: Display: Missing cached shader map for material M_UE4Man_Body_Black, compiling. 
[2020.12.18-13.28.03:859][857]LogShaderCompilers: Display: Worker (1/5): shaders left to compile 98
[2020.12.18-13.28.03:859][857]LogShaderCompilers: Display: Worker (2/5): shaders left to compile 88
[2020.12.18-13.28.03:859][857]LogShaderCompilers: Display: Worker (3/5): shaders left to compile 78
[2020.12.18-13.28.03:859][857]LogShaderCompilers: Display: Worker (4/5): shaders left to compile 68
[2020.12.18-13.28.14:362][145]LogShaderCompilers: Display: Worker (4/5): shaders left to compile 58
[2020.12.18-13.28.14:446][148]LogShaderCompilers: Display: Worker (1/5): shaders left to compile 48
[2020.12.18-13.28.17:890][253]LogShaderCompilers: Display: Worker (2/5): shaders left to compile 38
[2020.12.18-13.28.17:955][255]LogShaderCompilers: Display: Worker (3/5): shaders left to compile 28
[2020.12.18-13.28.24:498][423]LogShaderCompilers: Display: Worker (4/5): shaders left to compile 20
[2020.12.18-13.28.25:581][449]LogShaderCompilers: Display: Worker (1/5): shaders left to compile 14
[2020.12.18-13.28.25:800][454]LogShaderCompilers: Display: Worker (3/5): shaders left to compile 10
[2020.12.18-13.28.27:970][513]LogShaderCompilers: Display: Worker (2/5): shaders left to compile 7
[2020.12.18-13.28.28:255][523]LogShaderCompilers: Display: Worker (3/5): shaders left to compile 5
[2020.12.18-13.28.31:106][610]LogShaderCompilers: Display: Worker (2/5): shaders left to compile 3
[2020.12.18-13.28.31:438][621]LogShaderCompilers: Display: Worker (1/5): shaders left to compile 2
[2020.12.18-13.28.32:512][655]LogShaderCompilers: Display: Worker (1/5): shaders left to compile 1
[2020.12.18-13.29.21:341][928]BlueprintLog: New page: Compile Enemy_range
[2020.12.18-13.29.21:548][928]LogUObjectHash: Compacting FUObjectHashTables data took   2.00ms
[2020.12.18-13.29.21:665][928]LogSlate: Took 0.035283 seconds to synchronously load lazily loaded font '../../../Engine/Content/Slate/Fonts/DroidSansMono.ttf' (77K)
[2020.12.18-13.29.23:045][980]LogSavePackage: Moving 'C:/Users/ADMIN/Documents/GitHub/Game-design-Project/Escape_the_Dungeon/Saved/Enemy_range275931354DB93CDB758C34BE5F0F4188.tmp' to 'C:/Users/ADMIN/Documents/GitHub/Game-design-Project/Escape_the_Dungeon/Content/Blueprints/Enemys/ranged/Enemy_range.uasset'
[2020.12.18-13.29.23:086][980]AssetCheck: New page: Asset Save: Enemy_range
[2020.12.18-13.29.23:087][980]LogContentValidation: Display: Validating Blueprint /Game/Blueprints/Enemys/ranged/Enemy_range.Enemy_range
[2020.12.18-13.30.18:298][439]BlueprintLog: New page: Compile Enemy_range
[2020.12.18-13.30.18:473][439]LogUObjectHash: Compacting FUObjectHashTables data took   2.34ms
[2020.12.18-13.30.30:127][ 73]LogSavePackage: Moving 'C:/Users/ADMIN/Documents/GitHub/Game-design-Project/Escape_the_Dungeon/Saved/Enemy_rangeB9FE082644714905CB0FABA034E68532.tmp' to 'C:/Users/ADMIN/Documents/GitHub/Game-design-Project/Escape_the_Dungeon/Content/Blueprints/Enemys/ranged/Enemy_range.uasset'
[2020.12.18-13.30.30:148][ 73]AssetCheck: New page: Asset Save: Enemy_range
[2020.12.18-13.30.30:149][ 73]LogContentValidation: Display: Validating Blueprint /Game/Blueprints/Enemys/ranged/Enemy_range.Enemy_range
[2020.12.18-13.31.51:186][231]BlueprintLog: New page: Compile Enemy_range
[2020.12.18-13.31.51:237][231]LogUObjectHash: Compacting FUObjectHashTables data took   2.33ms
[2020.12.18-13.31.51:829][255]LogSavePackage: Moving 'C:/Users/ADMIN/Documents/GitHub/Game-design-Project/Escape_the_Dungeon/Saved/Enemy_range18A304434802A1E91F28ACBCB5CDA823.tmp' to 'C:/Users/ADMIN/Documents/GitHub/Game-design-Project/Escape_the_Dungeon/Content/Blueprints/Enemys/ranged/Enemy_range.uasset'
[2020.12.18-13.31.51:851][255]AssetCheck: New page: Asset Save: Enemy_range
[2020.12.18-13.31.51:851][255]LogContentValidation: Display: Validating Blueprint /Game/Blueprints/Enemys/ranged/Enemy_range.Enemy_range
[2020.12.18-13.35.56:451][750]LogRHI: Error: Present Fail Count 1
[2020.12.18-13.35.56:451][750]LogRHI: Error: SyncInterval 0
[2020.12.18-13.35.56:451][750]LogRHI: Error: SwapChainDesc.BufferDesc.Width 1938
[2020.12.18-13.35.56:451][750]LogRHI: Error: SwapChainDesc.BufferDesc.Height 1048
[2020.12.18-13.35.56:451][750]LogRHI: Error: SwapChainDesc.BufferDesc.RefreshRate.Numerator 0
[2020.12.18-13.35.56:451][750]LogRHI: Error: SwapChainDesc.BufferDesc.RefreshRate.Denominator 0
[2020.12.18-13.35.56:451][750]LogRHI: Error: SwapChainDesc.BufferDesc.Format 24
[2020.12.18-13.35.56:451][750]LogRHI: Error: SwapChainDesc.BufferDesc.ScanlineOrdering 0
[2020.12.18-13.35.56:451][750]LogRHI: Error: SwapChainDesc.BufferDesc.Scaling 0
[2020.12.18-13.35.56:452][750]LogRHI: Error: SwapChainDesc.SampleDesc.Count 1
[2020.12.18-13.35.56:452][750]LogRHI: Error: SwapChainDesc.SampleDesc.Quality 0
[2020.12.18-13.35.56:452][750]LogRHI: Error: SwapChainDesc.BufferUsage 48
[2020.12.18-13.35.56:452][750]LogRHI: Error: SwapChainDesc.BufferCount 2
[2020.12.18-13.35.56:452][750]LogRHI: Error: SwapChainDesc.OutputWindow 0000000000050666
[2020.12.18-13.35.56:452][750]LogRHI: Error: SwapChainDesc.Windowed true
[2020.12.18-13.35.56:452][750]LogRHI: Error: SwapChainDesc.SwapEffect 4
[2020.12.18-13.35.56:452][750]LogRHI: Error: SwapChainDesc.Flags 2050
[2020.12.18-13.35.56:452][750]LogRHI: Error: Present Fail Count 1
[2020.12.18-13.35.56:452][750]LogRHI: Error: SyncInterval 0
[2020.12.18-13.35.56:452][750]LogRHI: Error: SwapChainDesc.BufferDesc.Width 392
[2020.12.18-13.35.56:452][750]LogRHI: Error: SwapChainDesc.BufferDesc.Height 71
[2020.12.18-13.35.56:452][750]LogRHI: Error: SwapChainDesc.BufferDesc.RefreshRate.Numerator 0
[2020.12.18-13.35.56:452][750]LogRHI: Error: SwapChainDesc.BufferDesc.RefreshRate.Denominator 0
[2020.12.18-13.35.56:452][750]LogRHI: Error: SwapChainDesc.BufferDesc.Format 24
[2020.12.18-13.35.56:452][750]LogRHI: Error: SwapChainDesc.BufferDesc.ScanlineOrdering 0
[2020.12.18-13.35.56:452][750]LogRHI: Error: SwapChainDesc.BufferDesc.Scaling 0
[2020.12.18-13.35.56:452][750]LogRHI: Error: SwapChainDesc.SampleDesc.Count 1
[2020.12.18-13.35.56:452][750]LogRHI: Error: SwapChainDesc.SampleDesc.Quality 0
[2020.12.18-13.35.56:452][750]LogRHI: Error: SwapChainDesc.BufferUsage 48
[2020.12.18-13.35.56:452][750]LogRHI: Error: SwapChainDesc.BufferCount 2
[2020.12.18-13.35.56:452][750]LogRHI: Error: SwapChainDesc.OutputWindow 000000000015066A
[2020.12.18-13.35.56:453][750]LogRHI: Error: SwapChainDesc.Windowed true
[2020.12.18-13.35.56:453][750]LogRHI: Error: SwapChainDesc.SwapEffect 4
[2020.12.18-13.35.56:453][750]LogRHI: Error: SwapChainDesc.Flags 2050
[2020.12.18-13.35.56:465][750]LogRHI: Error: Present Fail Count 1
[2020.12.18-13.35.56:465][750]LogRHI: Error: SyncInterval 0
[2020.12.18-13.35.56:465][750]LogRHI: Error: SwapChainDesc.BufferDesc.Width 1938
[2020.12.18-13.35.56:465][750]LogRHI: Error: SwapChainDesc.BufferDesc.Height 1048
[2020.12.18-13.35.56:466][750]LogRHI: Error: SwapChainDesc.BufferDesc.RefreshRate.Numerator 0
[2020.12.18-13.35.56:466][750]LogRHI: Error: SwapChainDesc.BufferDesc.RefreshRate.Denominator 0
[2020.12.18-13.35.56:466][750]LogRHI: Error: SwapChainDesc.BufferDesc.Format 24
[2020.12.18-13.35.56:466][750]LogRHI: Error: SwapChainDesc.BufferDesc.ScanlineOrdering 0
[2020.12.18-13.35.56:466][750]LogRHI: Error: SwapChainDesc.BufferDesc.Scaling 0
[2020.12.18-13.35.56:466][750]LogRHI: Error: SwapChainDesc.SampleDesc.Count 1
[2020.12.18-13.35.56:466][750]LogRHI: Error: SwapChainDesc.SampleDesc.Quality 0
[2020.12.18-13.35.56:466][750]LogRHI: Error: SwapChainDesc.BufferUsage 48
[2020.12.18-13.35.56:466][750]LogRHI: Error: SwapChainDesc.BufferCount 2
[2020.12.18-13.35.56:466][750]LogRHI: Error: SwapChainDesc.OutputWindow 000000000003067A
[2020.12.18-13.35.56:466][750]LogRHI: Error: SwapChainDesc.Windowed true
[2020.12.18-13.35.56:466][750]LogRHI: Error: SwapChainDesc.SwapEffect 4
[2020.12.18-13.35.56:466][750]LogRHI: Error: SwapChainDesc.Flags 2050
[2020.12.18-13.35.56:513][753]LogRHI: Error: Present Fail Count 2
[2020.12.18-13.35.56:513][753]LogRHI: Error: SyncInterval 0
[2020.12.18-13.35.56:513][753]LogRHI: Error: SwapChainDesc.BufferDesc.Width 1938
[2020.12.18-13.35.56:513][753]LogRHI: Error: SwapChainDesc.BufferDesc.Height 1048
[2020.12.18-13.35.56:513][753]LogRHI: Error: SwapChainDesc.BufferDesc.RefreshRate.Numerator 0
[2020.12.18-13.35.56:513][753]LogRHI: Error: SwapChainDesc.BufferDesc.RefreshRate.Denominator 0
[2020.12.18-13.35.56:513][753]LogRHI: Error: SwapChainDesc.BufferDesc.Format 24
[2020.12.18-13.35.56:513][753]LogRHI: Error: SwapChainDesc.BufferDesc.ScanlineOrdering 0
[2020.12.18-13.35.56:513][753]LogRHI: Error: SwapChainDesc.BufferDesc.Scaling 0
[2020.12.18-13.35.56:513][753]LogRHI: Error: SwapChainDesc.SampleDesc.Count 1
[2020.12.18-13.35.56:513][753]LogRHI: Error: SwapChainDesc.SampleDesc.Quality 0
[2020.12.18-13.35.56:513][753]LogRHI: Error: SwapChainDesc.BufferUsage 48
[2020.12.18-13.35.56:513][753]LogRHI: Error: SwapChainDesc.BufferCount 2
[2020.12.18-13.35.56:513][753]LogRHI: Error: SwapChainDesc.OutputWindow 0000000000050666
[2020.12.18-13.35.56:513][753]LogRHI: Error: SwapChainDesc.Windowed true
[2020.12.18-13.35.56:513][753]LogRHI: Error: SwapChainDesc.SwapEffect 4
[2020.12.18-13.35.56:513][753]LogRHI: Error: SwapChainDesc.Flags 2050
[2020.12.18-13.35.56:563][756]LogRHI: Error: Present Fail Count 3
[2020.12.18-13.35.56:564][756]LogRHI: Error: SyncInterval 0
[2020.12.18-13.35.56:564][756]LogRHI: Error: SwapChainDesc.BufferDesc.Width 1938
[2020.12.18-13.35.56:564][756]LogRHI: Error: SwapChainDesc.BufferDesc.Height 1048
[2020.12.18-13.35.56:564][756]LogRHI: Error: SwapChainDesc.BufferDesc.RefreshRate.Numerator 0
[2020.12.18-13.35.56:564][756]LogRHI: Error: SwapChainDesc.BufferDesc.RefreshRate.Denominator 0
[2020.12.18-13.35.56:564][756]LogRHI: Error: SwapChainDesc.BufferDesc.Format 24
[2020.12.18-13.35.56:564][756]LogRHI: Error: SwapChainDesc.BufferDesc.ScanlineOrdering 0
[2020.12.18-13.35.56:564][756]LogRHI: Error: SwapChainDesc.BufferDesc.Scaling 0
[2020.12.18-13.35.56:564][756]LogRHI: Error: SwapChainDesc.SampleDesc.Count 1
[2020.12.18-13.35.56:564][756]LogRHI: Error: SwapChainDesc.SampleDesc.Quality 0
[2020.12.18-13.35.56:564][756]LogRHI: Error: SwapChainDesc.BufferUsage 48
[2020.12.18-13.35.56:564][756]LogRHI: Error: SwapChainDesc.BufferCount 2
[2020.12.18-13.35.56:564][756]LogRHI: Error: SwapChainDesc.OutputWindow 0000000000050666
[2020.12.18-13.35.56:564][756]LogRHI: Error: SwapChainDesc.Windowed true
[2020.12.18-13.35.56:564][756]LogRHI: Error: SwapChainDesc.SwapEffect 4
[2020.12.18-13.35.56:564][756]LogRHI: Error: SwapChainDesc.Flags 2050
[2020.12.18-13.35.56:614][759]LogRHI: Error: Present Fail Count 4
[2020.12.18-13.35.56:614][759]LogRHI: Error: SyncInterval 0
[2020.12.18-13.35.56:615][759]LogRHI: Error: SwapChainDesc.BufferDesc.Width 1938
[2020.12.18-13.35.56:615][759]LogRHI: Error: SwapChainDesc.BufferDesc.Height 1048
[2020.12.18-13.35.56:615][759]LogRHI: Error: SwapChainDesc.BufferDesc.RefreshRate.Numerator 0
[2020.12.18-13.35.56:615][759]LogRHI: Error: SwapChainDesc.BufferDesc.RefreshRate.Denominator 0
[2020.12.18-13.35.56:615][759]LogRHI: Error: SwapChainDesc.BufferDesc.Format 24
[2020.12.18-13.35.56:615][759]LogRHI: Error: SwapChainDesc.BufferDesc.ScanlineOrdering 0
[2020.12.18-13.35.56:615][759]LogRHI: Error: SwapChainDesc.BufferDesc.Scaling 0
[2020.12.18-13.35.56:615][759]LogRHI: Error: SwapChainDesc.SampleDesc.Count 1
[2020.12.18-13.35.56:615][759]LogRHI: Error: SwapChainDesc.SampleDesc.Quality 0
[2020.12.18-13.35.56:615][759]LogRHI: Error: SwapChainDesc.BufferUsage 48
[2020.12.18-13.35.56:615][759]LogRHI: Error: SwapChainDesc.BufferCount 2
[2020.12.18-13.35.56:615][759]LogRHI: Error: SwapChainDesc.OutputWindow 0000000000050666
[2020.12.18-13.35.56:615][759]LogRHI: Error: SwapChainDesc.Windowed true
[2020.12.18-13.35.56:615][759]LogRHI: Error: SwapChainDesc.SwapEffect 4
[2020.12.18-13.35.56:615][759]LogRHI: Error: SwapChainDesc.Flags 2050
[2020.12.18-13.35.56:665][762]LogRHI: Error: Present Fail Count 5
[2020.12.18-13.35.56:665][762]LogRHI: Error: SyncInterval 0
[2020.12.18-13.35.56:665][762]LogRHI: Error: SwapChainDesc.BufferDesc.Width 1938
[2020.12.18-13.35.56:665][762]LogRHI: Error: SwapChainDesc.BufferDesc.Height 1048
[2020.12.18-13.35.56:665][762]LogRHI: Error: SwapChainDesc.BufferDesc.RefreshRate.Numerator 0
[2020.12.18-13.35.56:665][762]LogRHI: Error: SwapChainDesc.BufferDesc.RefreshRate.Denominator 0
[2020.12.18-13.35.56:665][762]LogRHI: Error: SwapChainDesc.BufferDesc.Format 24
[2020.12.18-13.35.56:665][762]LogRHI: Error: SwapChainDesc.BufferDesc.ScanlineOrdering 0
[2020.12.18-13.35.56:665][762]LogRHI: Error: SwapChainDesc.BufferDesc.Scaling 0
[2020.12.18-13.35.56:665][762]LogRHI: Error: SwapChainDesc.SampleDesc.Count 1
[2020.12.18-13.35.56:666][762]LogRHI: Error: SwapChainDesc.SampleDesc.Quality 0
[2020.12.18-13.35.56:666][762]LogRHI: Error: SwapChainDesc.BufferUsage 48
[2020.12.18-13.35.56:666][762]LogRHI: Error: SwapChainDesc.BufferCount 2
[2020.12.18-13.35.56:666][762]LogRHI: Error: SwapChainDesc.OutputWindow 0000000000050666
[2020.12.18-13.35.56:666][762]LogRHI: Error: SwapChainDesc.Windowed true
[2020.12.18-13.35.56:666][762]LogRHI: Error: SwapChainDesc.SwapEffect 4
[2020.12.18-13.35.56:666][762]LogRHI: Error: SwapChainDesc.Flags 2050
[2020.12.18-13.35.56:716][765]LogRHI: Error: Present Fail Count 6
[2020.12.18-13.35.56:716][765]LogRHI: Error: SyncInterval 0
[2020.12.18-13.35.56:716][765]LogRHI: Error: SwapChainDesc.BufferDesc.Width 1938
[2020.12.18-13.35.56:716][765]LogRHI: Error: SwapChainDesc.BufferDesc.Height 1048
[2020.12.18-13.35.56:716][765]LogRHI: Error: SwapChainDesc.BufferDesc.RefreshRate.Numerator 0
[2020.12.18-13.35.56:716][765]LogRHI: Error: SwapChainDesc.BufferDesc.RefreshRate.Denominator 0
[2020.12.18-13.35.56:716][765]LogRHI: Error: SwapChainDesc.BufferDesc.Format 24
[2020.12.18-13.35.56:716][765]LogRHI: Error: SwapChainDesc.BufferDesc.ScanlineOrdering 0
[2020.12.18-13.35.56:716][765]LogRHI: Error: SwapChainDesc.BufferDesc.Scaling 0
[2020.12.18-13.35.56:716][765]LogRHI: Error: SwapChainDesc.SampleDesc.Count 1
[2020.12.18-13.35.56:716][765]LogRHI: Error: SwapChainDesc.SampleDesc.Quality 0
[2020.12.18-13.35.56:716][765]LogRHI: Error: SwapChainDesc.BufferUsage 48
[2020.12.18-13.35.56:716][765]LogRHI: Error: SwapChainDesc.BufferCount 2
[2020.12.18-13.35.56:716][765]LogRHI: Error: SwapChainDesc.OutputWindow 0000000000050666
[2020.12.18-13.35.56:716][765]LogRHI: Error: SwapChainDesc.Windowed true
[2020.12.18-13.35.56:716][765]LogRHI: Error: SwapChainDesc.SwapEffect 4
[2020.12.18-13.35.56:716][765]LogRHI: Error: SwapChainDesc.Flags 2050
[2020.12.18-13.35.56:763][768]LogRHI: Error: Present Fail Count 7
[2020.12.18-13.35.56:763][768]LogRHI: Error: SyncInterval 0
[2020.12.18-13.35.56:763][768]LogRHI: Error: SwapChainDesc.BufferDesc.Width 1938
[2020.12.18-13.35.56:763][768]LogRHI: Error: SwapChainDesc.BufferDesc.Height 1048
[2020.12.18-13.35.56:763][768]LogRHI: Error: SwapChainDesc.BufferDesc.RefreshRate.Numerator 0
[2020.12.18-13.35.56:763][768]LogRHI: Error: SwapChainDesc.BufferDesc.RefreshRate.Denominator 0
[2020.12.18-13.35.56:764][768]LogRHI: Error: SwapChainDesc.BufferDesc.Format 24
[2020.12.18-13.35.56:764][768]LogRHI: Error: SwapChainDesc.BufferDesc.ScanlineOrdering 0
[2020.12.18-13.35.56:764][768]LogRHI: Error: SwapChainDesc.BufferDesc.Scaling 0
[2020.12.18-13.35.56:764][768]LogRHI: Error: SwapChainDesc.SampleDesc.Count 1
[2020.12.18-13.35.56:764][768]LogRHI: Error: SwapChainDesc.SampleDesc.Quality 0
[2020.12.18-13.35.56:764][768]LogRHI: Error: SwapChainDesc.BufferUsage 48
[2020.12.18-13.35.56:764][768]LogRHI: Error: SwapChainDesc.BufferCount 2
[2020.12.18-13.35.56:764][768]LogRHI: Error: SwapChainDesc.OutputWindow 0000000000050666
[2020.12.18-13.35.56:764][768]LogRHI: Error: SwapChainDesc.Windowed true
[2020.12.18-13.35.56:764][768]LogRHI: Error: SwapChainDesc.SwapEffect 4
[2020.12.18-13.35.56:764][768]LogRHI: Error: SwapChainDesc.Flags 2050
[2020.12.18-13.35.56:812][771]LogRHI: Error: Present Fail Count 8
[2020.12.18-13.35.56:812][771]LogRHI: Error: SyncInterval 0
[2020.12.18-13.35.56:812][771]LogRHI: Error: SwapChainDesc.BufferDesc.Width 1938
[2020.12.18-13.35.56:812][771]LogRHI: Error: SwapChainDesc.BufferDesc.Height 1048
[2020.12.18-13.35.56:812][771]LogRHI: Error: SwapChainDesc.BufferDesc.RefreshRate.Numerator 0
[2020.12.18-13.35.56:812][771]LogRHI: Error: SwapChainDesc.BufferDesc.RefreshRate.Denominator 0
[2020.12.18-13.35.56:813][771]LogRHI: Error: SwapChainDesc.BufferDesc.Format 24
[2020.12.18-13.35.56:813][771]LogRHI: Error: SwapChainDesc.BufferDesc.ScanlineOrdering 0
[2020.12.18-13.35.56:813][771]LogRHI: Error: SwapChainDesc.BufferDesc.Scaling 0
[2020.12.18-13.35.56:813][771]LogRHI: Error: SwapChainDesc.SampleDesc.Count 1
[2020.12.18-13.35.56:813][771]LogRHI: Error: SwapChainDesc.SampleDesc.Quality 0
[2020.12.18-13.35.56:813][771]LogRHI: Error: SwapChainDesc.BufferUsage 48
[2020.12.18-13.35.56:813][771]LogRHI: Error: SwapChainDesc.BufferCount 2
[2020.12.18-13.35.56:813][771]LogRHI: Error: SwapChainDesc.OutputWindow 0000000000050666
[2020.12.18-13.35.56:813][771]LogRHI: Error: SwapChainDesc.Windowed true
[2020.12.18-13.35.56:813][771]LogRHI: Error: SwapChainDesc.SwapEffect 4
[2020.12.18-13.35.56:813][771]LogRHI: Error: SwapChainDesc.Flags 2050
[2020.12.18-13.35.56:863][774]LogRHI: Error: Present Fail Count 9
[2020.12.18-13.35.56:863][774]LogRHI: Error: SyncInterval 0
[2020.12.18-13.35.56:863][774]LogRHI: Error: SwapChainDesc.BufferDesc.Width 1938
[2020.12.18-13.35.56:863][774]LogRHI: Error: SwapChainDesc.BufferDesc.Height 1048
[2020.12.18-13.35.56:863][774]LogRHI: Error: SwapChainDesc.BufferDesc.RefreshRate.Numerator 0
[2020.12.18-13.35.56:864][774]LogRHI: Error: SwapChainDesc.BufferDesc.RefreshRate.Denominator 0
[2020.12.18-13.35.56:864][774]LogRHI: Error: SwapChainDesc.BufferDesc.Format 24
[2020.12.18-13.35.56:864][774]LogRHI: Error: SwapChainDesc.BufferDesc.ScanlineOrdering 0
[2020.12.18-13.35.56:864][774]LogRHI: Error: SwapChainDesc.BufferDesc.Scaling 0
[2020.12.18-13.35.56:864][774]LogRHI: Error: SwapChainDesc.SampleDesc.Count 1
[2020.12.18-13.35.56:864][774]LogRHI: Error: SwapChainDesc.SampleDesc.Quality 0
[2020.12.18-13.35.56:864][774]LogRHI: Error: SwapChainDesc.BufferUsage 48
[2020.12.18-13.35.56:864][774]LogRHI: Error: SwapChainDesc.BufferCount 2
[2020.12.18-13.35.56:864][774]LogRHI: Error: SwapChainDesc.OutputWindow 0000000000050666
[2020.12.18-13.35.56:864][774]LogRHI: Error: SwapChainDesc.Windowed true
[2020.12.18-13.35.56:864][774]LogRHI: Error: SwapChainDesc.SwapEffect 4
[2020.12.18-13.35.56:864][774]LogRHI: Error: SwapChainDesc.Flags 2050
[2020.12.18-13.35.56:912][777]LogRHI: Error: Present Fail Count 10
[2020.12.18-13.35.56:912][777]LogRHI: Error: SyncInterval 0
[2020.12.18-13.35.56:912][777]LogRHI: Error: SwapChainDesc.BufferDesc.Width 1938
[2020.12.18-13.35.56:912][777]LogRHI: Error: SwapChainDesc.BufferDesc.Height 1048
[2020.12.18-13.35.56:912][777]LogRHI: Error: SwapChainDesc.BufferDesc.RefreshRate.Numerator 0
[2020.12.18-13.35.56:912][777]LogRHI: Error: SwapChainDesc.BufferDesc.RefreshRate.Denominator 0
[2020.12.18-13.35.56:913][777]LogRHI: Error: SwapChainDesc.BufferDesc.Format 24
[2020.12.18-13.35.56:913][777]LogRHI: Error: SwapChainDesc.BufferDesc.ScanlineOrdering 0
[2020.12.18-13.35.56:913][777]LogRHI: Error: SwapChainDesc.BufferDesc.Scaling 0
[2020.12.18-13.35.56:913][777]LogRHI: Error: SwapChainDesc.SampleDesc.Count 1
[2020.12.18-13.35.56:913][777]LogRHI: Error: SwapChainDesc.SampleDesc.Quality 0
[2020.12.18-13.35.56:913][777]LogRHI: Error: SwapChainDesc.BufferUsage 48
[2020.12.18-13.35.56:913][777]LogRHI: Error: SwapChainDesc.BufferCount 2
[2020.12.18-13.35.56:913][777]LogRHI: Error: SwapChainDesc.OutputWindow 0000000000050666
[2020.12.18-13.35.56:913][777]LogRHI: Error: SwapChainDesc.Windowed true
[2020.12.18-13.35.56:913][777]LogRHI: Error: SwapChainDesc.SwapEffect 4
[2020.12.18-13.35.56:913][777]LogRHI: Error: SwapChainDesc.Flags 2050
[2020.12.18-13.35.57:051][781]LogRHI: Error: Present Fail Count 11
[2020.12.18-13.35.57:052][781]LogRHI: Error: SyncInterval 0
[2020.12.18-13.35.57:052][781]LogRHI: Error: SwapChainDesc.BufferDesc.Width 1938
[2020.12.18-13.35.57:052][781]LogRHI: Error: SwapChainDesc.BufferDesc.Height 1048
[2020.12.18-13.35.57:052][781]LogRHI: Error: SwapChainDesc.BufferDesc.RefreshRate.Numerator 0
[2020.12.18-13.35.57:052][781]LogRHI: Error: SwapChainDesc.BufferDesc.RefreshRate.Denominator 0
[2020.12.18-13.35.57:052][781]LogRHI: Error: SwapChainDesc.BufferDesc.Format 24
[2020.12.18-13.35.57:052][781]LogRHI: Error: SwapChainDesc.BufferDesc.ScanlineOrdering 0
[2020.12.18-13.35.57:052][781]LogRHI: Error: SwapChainDesc.BufferDesc.Scaling 0
[2020.12.18-13.35.57:052][781]LogRHI: Error: SwapChainDesc.SampleDesc.Count 1
[2020.12.18-13.35.57:052][781]LogRHI: Error: SwapChainDesc.SampleDesc.Quality 0
[2020.12.18-13.35.57:052][781]LogRHI: Error: SwapChainDesc.BufferUsage 48
[2020.12.18-13.35.57:052][781]LogRHI: Error: SwapChainDesc.BufferCount 2
[2020.12.18-13.35.57:052][781]LogRHI: Error: SwapChainDesc.OutputWindow 0000000000050666
[2020.12.18-13.35.57:052][781]LogRHI: Error: SwapChainDesc.Windowed true
[2020.12.18-13.35.57:052][781]LogRHI: Error: SwapChainDesc.SwapEffect 4
[2020.12.18-13.35.57:052][781]LogRHI: Error: SwapChainDesc.Flags 2050
[2020.12.18-13.35.57:052][781]LogD3D11RHI: Error: Result failed 
 at D:/Build/++UE4+Licensee/Sync/Engine/Source/Runtime/Windows/D3D11RHI/Private/D3D11Viewport.cpp:406 
 with error DXGI_ERROR_DEVICE_REMOVED 00000000
[2020.12.18-13.35.57:052][781]LogD3D11RHI: [Aftermath] GDynamicRHI=00000258A368C0C0, GDX11NVAfterMathEnabled=1, Result=0x00000001, bDeviceActive=1
[2020.12.18-13.35.57:052][781]LogWindows: Windows GetLastError: The operation completed successfully. (0)
[2020.12.18-13.36.13:350][781]LogWindows: FPlatformMisc::RequestExit(0)
[2020.12.18-13.36.13:350][781]LogCore: Engine exit requested (reason: Win RequestExit)
[2020.12.18-13.36.13:350][781]LogWindows: FPlatformMisc::RequestExit(1)
[2020.12.18-13.36.13:350][781]LogCore: Engine exit requested (reason: Win RequestExit; note: exit was already requested)
[2020.12.18-13.36.13:361][781]Log file closed, 12/18/20 20:36:13
